[ 2016-07-28T16:41:56+08:00 ] ::1 /thinkcmfx/
NOTIC: D方法实例化没找到模型类News\Model\PluginArticleItemModel
ERR: 1222:The used SELECT statements have a different number of columns
 [ SQL语句 ] : SELECT * FROM `cmf_plugin_article_item` LIMIT 1  UNION select title,MAX(LastUpdateTime) as LastUpdateTime  from cmf_plugin_article_item 

[ 2016-07-28T16:42:35+08:00 ] ::1 /thinkcmfx/
NOTIC: D方法实例化没找到模型类News\Model\PluginArticleItemModel
ERR: 1222:The used SELECT statements have a different number of columns
 [ SQL语句 ] : SELECT * FROM `cmf_plugin_article_item` UNION select title,MAX(LastUpdateTime) as LastUpdateTime from cmf_plugin_article_item 

[ 2016-07-28T16:43:10+08:00 ] ::1 /thinkcmfx/
NOTIC: D方法实例化没找到模型类News\Model\PluginArticleItemModel

[ 2016-07-28T16:43:55+08:00 ] ::1 /thinkcmfx/
NOTIC: D方法实例化没找到模型类News\Model\PluginArticleItemModel

[ 2016-07-28T16:44:06+08:00 ] ::1 /thinkcmfx/
NOTIC: D方法实例化没找到模型类News\Model\PluginArticleItemModel

[ 2016-07-28T16:44:15+08:00 ] ::1 /thinkcmfx/
NOTIC: D方法实例化没找到模型类News\Model\PluginArticleItemModel

[ 2016-07-28T16:44:35+08:00 ] ::1 /thinkcmfx/
NOTIC: D方法实例化没找到模型类News\Model\PluginArticleItemModel

[ 2016-07-28T16:44:53+08:00 ] ::1 /thinkcmfx/
NOTIC: D方法实例化没找到模型类News\Model\PluginArticleItemModel

[ 2016-07-28T16:45:03+08:00 ] ::1 /thinkcmfx/
NOTIC: D方法实例化没找到模型类News\Model\PluginArticleItemModel

[ 2016-07-28T16:45:09+08:00 ] ::1 /thinkcmfx/
NOTIC: D方法实例化没找到模型类News\Model\PluginArticleItemModel

[ 2016-07-28T16:47:33+08:00 ] ::1 /thinkcmfx/
NOTIC: D方法实例化没找到模型类News\Model\PluginArticleItemModel

[ 2016-07-28T16:50:44+08:00 ] ::1 /thinkcmfx/
NOTIC: D方法实例化没找到模型类News\Model\PluginArticleItemModel

[ 2016-07-28T16:58:29+08:00 ] ::1 /thinkcmfx/
NOTIC: D方法实例化没找到模型类News\Model\PluginArticleItemModel

[ 2016-07-28T17:02:51+08:00 ] ::1 /thinkcmfx/
NOTIC: D方法实例化没找到模型类News\Model\PluginArticleItemModel

[ 2016-07-28T17:04:38+08:00 ] ::1 /thinkcmfx/
NOTIC: D方法实例化没找到模型类News\Model\PluginArticleItemModel

[ 2016-07-28T17:06:01+08:00 ] ::1 /thinkcmfx/
NOTIC: D方法实例化没找到模型类News\Model\PluginArticleItemModel

[ 2016-07-28T17:06:27+08:00 ] ::1 /thinkcmfx/
NOTIC: D方法实例化没找到模型类News\Model\PluginArticleItemModel

[ 2016-07-28T17:11:25+08:00 ] ::1 /thinkcmfx/
NOTIC: D方法实例化没找到模型类News\Model\PluginArticleItemModel

[ 2016-07-28T17:12:21+08:00 ] ::1 /thinkcmfx/
NOTIC: D方法实例化没找到模型类News\Model\PluginArticleItemModel

[ 2016-07-28T17:12:53+08:00 ] ::1 /thinkcmfx/
NOTIC: D方法实例化没找到模型类News\Model\PluginArticleItemModel

[ 2016-07-28T17:17:09+08:00 ] ::1 /thinkcmfx/
NOTIC: D方法实例化没找到模型类News\Model\PluginArticleItemModel

[ 2016-07-28T17:17:46+08:00 ] ::1 /thinkcmfx/
NOTIC: D方法实例化没找到模型类News\Model\PluginArticleItemModel

[ 2016-07-28T17:18:17+08:00 ] ::1 /thinkcmfx/
NOTIC: D方法实例化没找到模型类News\Model\PluginArticleItemModel

[ 2016-07-28T17:19:05+08:00 ] ::1 /thinkcmfx/
NOTIC: D方法实例化没找到模型类News\Model\PluginArticleItemModel

[ 2016-07-28T17:19:43+08:00 ] ::1 /thinkcmfx/
NOTIC: D方法实例化没找到模型类News\Model\PluginArticleItemModel

[ 2016-07-28T17:21:29+08:00 ] ::1 /thinkcmfx/
NOTIC: D方法实例化没找到模型类News\Model\PluginArticleItemModel

[ 2016-07-28T17:21:54+08:00 ] ::1 /thinkcmfx/
NOTIC: D方法实例化没找到模型类News\Model\PluginArticleItemModel

[ 2016-07-28T17:23:11+08:00 ] ::1 /thinkcmfx/
NOTIC: D方法实例化没找到模型类News\Model\PluginArticleItemModel

[ 2016-07-28T17:23:42+08:00 ] ::1 /thinkcmfx/
NOTIC: D方法实例化没找到模型类News\Model\PluginArticleItemModel

[ 2016-07-28T17:23:58+08:00 ] ::1 /thinkcmfx/
NOTIC: D方法实例化没找到模型类News\Model\PluginArticleItemModel

