[ 2016-07-19T10:26:02+08:00 ] ::1 /thinkcmfx/index.php?g=Admin&m=Menu&a=index&menuid=100
NOTIC: D方法实例化没找到模型类Common\Model\AuthRuleModel

[ 2016-07-19T10:27:33+08:00 ] ::1 /thinkcmfx/index.php?g=Admin&m=menu&a=lists
NOTIC: D方法实例化没找到模型类Common\Model\AuthRuleModel

[ 2016-07-19T10:27:44+08:00 ] ::1 /thinkcmfx/index.php?g=Admin&m=menu&a=index
NOTIC: D方法实例化没找到模型类Common\Model\AuthRuleModel

[ 2016-07-19T10:27:47+08:00 ] ::1 /thinkcmfx/index.php?g=Admin&m=menu&a=spmy_export_menu_lang
NOTIC: D方法实例化没找到模型类Common\Model\AuthRuleModel

[ 2016-07-19T10:59:12+08:00 ] 127.0.0.1 /thinkcmfx/index.php?g=Admin&m=public&a=dologin
INFO: [ app_begin ] --START--
INFO: Run Behavior\ReadHtmlCacheBehavior [ RunTime:0.000494s ]
INFO: Run Behavior\CheckLangBehavior [ RunTime:0.000922s ]
INFO: [ app_begin ] --END-- [ RunTime:0.001824s ]
SQL: SHOW COLUMNS FROM `cmf_users` [ RunTime:0.0022s ]
SQL: SELECT * FROM `cmf_users` WHERE `user_login` = 'root' LIMIT 1   [ RunTime:0.0004s ]
SQL: SHOW COLUMNS FROM `cmf_role_user` [ RunTime:0.0014s ]
SQL: SELECT `role_id` FROM cmf_role_user a INNER JOIN cmf_role as b on a.role_id =b.id  WHERE `user_id` = '1' AND `status` = 1  [ RunTime:0.0003s ]
SQL: UPDATE `cmf_users` SET `user_login`='root',`user_pass`='###4d01480507ad6eff9717de790df7a10b',`user_nicename`='何超',`user_email`='hhhhhhhelloworld@gmail.com',`user_url`='',`avatar`=NULL,`sex`='0',`birthday`=NULL,`signature`='',`last_login_ip`='127.0.0.1',`last_login_time`='2016-07-19 10:59:12',`create_time`='2016-07-12 04:30:41',`user_activation_key`='',`user_status`='1',`score`='0',`user_type`='1',`coin`='0',`mobile`='' WHERE `id` = '1' [ RunTime:0.0003s ]

[ 2016-07-19T11:09:02+08:00 ] 127.0.0.1 /thinkcmfx/index.php?g=Admin&m=public&a=dologin
INFO: [ app_begin ] --START--
INFO: Run Behavior\ReadHtmlCacheBehavior [ RunTime:0.000421s ]
INFO: Run Behavior\CheckLangBehavior [ RunTime:0.000747s ]
INFO: [ app_begin ] --END-- [ RunTime:0.001553s ]
SQL: SHOW COLUMNS FROM `cmf_users` [ RunTime:0.0016s ]
SQL: SELECT * FROM `cmf_users` WHERE `user_login` = 'root' LIMIT 1   [ RunTime:0.0004s ]
SQL: SHOW COLUMNS FROM `cmf_role_user` [ RunTime:0.0013s ]
SQL: SELECT `role_id` FROM cmf_role_user a INNER JOIN cmf_role as b on a.role_id =b.id  WHERE `user_id` = '1' AND `status` = 1  [ RunTime:0.0003s ]
SQL: UPDATE `cmf_users` SET `user_login`='root',`user_pass`='###4d01480507ad6eff9717de790df7a10b',`user_nicename`='何超',`user_email`='hhhhhhhelloworld@gmail.com',`user_url`='',`avatar`=NULL,`sex`='0',`birthday`=NULL,`signature`='',`last_login_ip`='127.0.0.1',`last_login_time`='2016-07-19 11:09:02',`create_time`='2016-07-12 04:30:41',`user_activation_key`='',`user_status`='1',`score`='0',`user_type`='1',`coin`='0',`mobile`='' WHERE `id` = '1' [ RunTime:0.0003s ]

[ 2016-07-19T11:40:03+08:00 ] ::1 /thinkcmfx/index.php?g=Admin&m=public&a=dologin
INFO: [ app_begin ] --START--
INFO: Run Behavior\ReadHtmlCacheBehavior [ RunTime:0.000441s ]
INFO: Run Behavior\CheckLangBehavior [ RunTime:0.000746s ]
INFO: [ app_begin ] --END-- [ RunTime:0.001573s ]
SQL: SHOW COLUMNS FROM `cmf_users` [ RunTime:0.0017s ]
SQL: SELECT * FROM `cmf_users` WHERE `user_login` = 'root' LIMIT 1   [ RunTime:0.0003s ]
SQL: SHOW COLUMNS FROM `cmf_role_user` [ RunTime:0.0012s ]
SQL: SELECT `role_id` FROM cmf_role_user a INNER JOIN cmf_role as b on a.role_id =b.id  WHERE `user_id` = '1' AND `status` = 1  [ RunTime:0.0002s ]
SQL: UPDATE `cmf_users` SET `user_login`='root',`user_pass`='###4d01480507ad6eff9717de790df7a10b',`user_nicename`='何超',`user_email`='hhhhhhhelloworld@gmail.com',`user_url`='',`avatar`=NULL,`sex`='0',`birthday`=NULL,`signature`='',`last_login_ip`='0.0.0.0',`last_login_time`='2016-07-19 11:40:03',`create_time`='2016-07-12 04:30:41',`user_activation_key`='',`user_status`='1',`score`='0',`user_type`='1',`coin`='0',`mobile`='' WHERE `id` = '1' [ RunTime:0.0003s ]

[ 2016-07-19T13:52:52+08:00 ] ::1 /thinkcmfx/index.php?g=Admin&m=public&a=dologin
INFO: [ app_begin ] --START--
INFO: Run Behavior\ReadHtmlCacheBehavior [ RunTime:0.000494s ]
INFO: Run Behavior\CheckLangBehavior [ RunTime:0.000966s ]
INFO: [ app_begin ] --END-- [ RunTime:0.001849s ]
SQL: SHOW COLUMNS FROM `cmf_users` [ RunTime:0.0017s ]
SQL: SELECT * FROM `cmf_users` WHERE `user_login` = 'root' LIMIT 1   [ RunTime:0.0003s ]
SQL: SHOW COLUMNS FROM `cmf_role_user` [ RunTime:0.0016s ]
SQL: SELECT `role_id` FROM cmf_role_user a INNER JOIN cmf_role as b on a.role_id =b.id  WHERE `user_id` = '1' AND `status` = 1  [ RunTime:0.0003s ]
SQL: UPDATE `cmf_users` SET `user_login`='root',`user_pass`='###4d01480507ad6eff9717de790df7a10b',`user_nicename`='何超',`user_email`='hhhhhhhelloworld@gmail.com',`user_url`='',`avatar`=NULL,`sex`='0',`birthday`=NULL,`signature`='',`last_login_ip`='0.0.0.0',`last_login_time`='2016-07-19 13:52:52',`create_time`='2016-07-12 04:30:41',`user_activation_key`='',`user_status`='1',`score`='0',`user_type`='1',`coin`='0',`mobile`='' WHERE `id` = '1' [ RunTime:0.0003s ]

[ 2016-07-19T13:54:45+08:00 ] ::1 /thinkcmfx/index.php?g=Admin&m=public&a=dologin
INFO: [ app_begin ] --START--
INFO: Run Behavior\ReadHtmlCacheBehavior [ RunTime:0.000349s ]
INFO: Run Behavior\CheckLangBehavior [ RunTime:0.000731s ]
INFO: [ app_begin ] --END-- [ RunTime:0.001454s ]
SQL: SHOW COLUMNS FROM `cmf_users` [ RunTime:0.0020s ]
SQL: SELECT * FROM `cmf_users` WHERE `user_login` = 'root' LIMIT 1   [ RunTime:0.0004s ]
SQL: SHOW COLUMNS FROM `cmf_role_user` [ RunTime:0.0015s ]
SQL: SELECT `role_id` FROM cmf_role_user a INNER JOIN cmf_role as b on a.role_id =b.id  WHERE `user_id` = '1' AND `status` = 1  [ RunTime:0.0003s ]
SQL: UPDATE `cmf_users` SET `user_login`='root',`user_pass`='###4d01480507ad6eff9717de790df7a10b',`user_nicename`='何超',`user_email`='hhhhhhhelloworld@gmail.com',`user_url`='',`avatar`=NULL,`sex`='0',`birthday`=NULL,`signature`='',`last_login_ip`='0.0.0.0',`last_login_time`='2016-07-19 13:54:45',`create_time`='2016-07-12 04:30:41',`user_activation_key`='',`user_status`='1',`score`='0',`user_type`='1',`coin`='0',`mobile`='' WHERE `id` = '1' [ RunTime:0.0004s ]

[ 2016-07-19T14:03:49+08:00 ] ::1 /thinkcmfx/index.php?g=Admin&m=public&a=dologin
INFO: [ app_begin ] --START--
INFO: Run Behavior\ReadHtmlCacheBehavior [ RunTime:0.000417s ]
INFO: Run Behavior\CheckLangBehavior [ RunTime:0.000803s ]
INFO: [ app_begin ] --END-- [ RunTime:0.001694s ]
SQL: SHOW COLUMNS FROM `cmf_users` [ RunTime:0.0024s ]
SQL: SELECT * FROM `cmf_users` WHERE `user_login` = 'root' LIMIT 1   [ RunTime:0.0004s ]
SQL: SHOW COLUMNS FROM `cmf_role_user` [ RunTime:0.0019s ]
SQL: SELECT `role_id` FROM cmf_role_user a INNER JOIN cmf_role as b on a.role_id =b.id  WHERE `user_id` = '1' AND `status` = 1  [ RunTime:0.0006s ]
SQL: UPDATE `cmf_users` SET `user_login`='root',`user_pass`='###4d01480507ad6eff9717de790df7a10b',`user_nicename`='何超',`user_email`='hhhhhhhelloworld@gmail.com',`user_url`='',`avatar`=NULL,`sex`='0',`birthday`=NULL,`signature`='',`last_login_ip`='0.0.0.0',`last_login_time`='2016-07-19 14:03:49',`create_time`='2016-07-12 04:30:41',`user_activation_key`='',`user_status`='1',`score`='0',`user_type`='1',`coin`='0',`mobile`='' WHERE `id` = '1' [ RunTime:0.0004s ]

[ 2016-07-19T14:28:06+08:00 ] 127.0.0.1 /thinkcmfx/index.php?g=Admin&m=public&a=dologin
INFO: [ app_begin ] --START--
INFO: Run Behavior\ReadHtmlCacheBehavior [ RunTime:0.000343s ]
INFO: Run Behavior\CheckLangBehavior [ RunTime:0.000731s ]
INFO: [ app_begin ] --END-- [ RunTime:0.001442s ]
SQL: SHOW COLUMNS FROM `cmf_users` [ RunTime:0.0022s ]
SQL: SELECT * FROM `cmf_users` WHERE `user_login` = 'root' LIMIT 1   [ RunTime:0.0004s ]
SQL: SHOW COLUMNS FROM `cmf_role_user` [ RunTime:0.0019s ]
SQL: SELECT `role_id` FROM cmf_role_user a INNER JOIN cmf_role as b on a.role_id =b.id  WHERE `user_id` = '1' AND `status` = 1  [ RunTime:0.0004s ]
SQL: UPDATE `cmf_users` SET `user_login`='root',`user_pass`='###4d01480507ad6eff9717de790df7a10b',`user_nicename`='何超',`user_email`='hhhhhhhelloworld@gmail.com',`user_url`='',`avatar`=NULL,`sex`='0',`birthday`=NULL,`signature`='',`last_login_ip`='127.0.0.1',`last_login_time`='2016-07-19 14:28:06',`create_time`='2016-07-12 04:30:41',`user_activation_key`='',`user_status`='1',`score`='0',`user_type`='1',`coin`='0',`mobile`='' WHERE `id` = '1' [ RunTime:0.0009s ]

