[ 2016-07-25T08:09:00+08:00 ] ::1 /thinkcmfx/index.php?g=Admin&m=public&a=dologin
INFO: [ app_begin ] --START--
INFO: Run Behavior\ReadHtmlCacheBehavior [ RunTime:0.000369s ]
INFO: Run Behavior\CheckLangBehavior [ RunTime:0.000974s ]
INFO: [ app_begin ] --END-- [ RunTime:0.001813s ]
SQL: SHOW COLUMNS FROM `cmf_users` [ RunTime:0.0691s ]
SQL: SELECT * FROM `cmf_users` WHERE `user_login` = 'root' LIMIT 1   [ RunTime:0.0247s ]
SQL: SHOW COLUMNS FROM `cmf_role_user` [ RunTime:0.0455s ]
SQL: SELECT `role_id` FROM cmf_role_user a INNER JOIN cmf_role as b on a.role_id =b.id  WHERE `user_id` = '1' AND `status` = 1  [ RunTime:0.0158s ]
SQL: UPDATE `cmf_users` SET `user_login`='root',`user_pass`='###4d01480507ad6eff9717de790df7a10b',`user_nicename`='何超',`user_email`='hhhhhhhelloworld@gmail.com',`user_url`='',`avatar`=NULL,`sex`='0',`birthday`=NULL,`signature`='',`last_login_ip`='0.0.0.0',`last_login_time`='2016-07-25 08:09:00',`create_time`='2016-07-12 04:30:41',`user_activation_key`='',`user_status`='1',`score`='0',`user_type`='1',`coin`='0',`mobile`='' WHERE `id` = '1' [ RunTime:0.0010s ]

[ 2016-07-25T10:16:16+08:00 ] 192.168.9.172 /thinkcmfx/index.php?g=Admin&m=public&a=dologin
INFO: [ app_begin ] --START--
INFO: Run Behavior\ReadHtmlCacheBehavior [ RunTime:0.000377s ]
INFO: Run Behavior\CheckLangBehavior [ RunTime:0.000848s ]
INFO: [ app_begin ] --END-- [ RunTime:0.001740s ]
SQL: SHOW COLUMNS FROM `cmf_users` [ RunTime:0.0016s ]
SQL: SELECT * FROM `cmf_users` WHERE `user_login` = 'root' LIMIT 1   [ RunTime:0.0004s ]
SQL: SHOW COLUMNS FROM `cmf_role_user` [ RunTime:0.0016s ]
SQL: SELECT `role_id` FROM cmf_role_user a INNER JOIN cmf_role as b on a.role_id =b.id  WHERE `user_id` = '1' AND `status` = 1  [ RunTime:0.0006s ]
SQL: UPDATE `cmf_users` SET `user_login`='root',`user_pass`='###4d01480507ad6eff9717de790df7a10b',`user_nicename`='何超',`user_email`='hhhhhhhelloworld@gmail.com',`user_url`='',`avatar`=NULL,`sex`='0',`birthday`=NULL,`signature`='',`last_login_ip`='192.168.9.172',`last_login_time`='2016-07-25 10:16:16',`create_time`='2016-07-12 04:30:41',`user_activation_key`='',`user_status`='1',`score`='0',`user_type`='1',`coin`='0',`mobile`='' WHERE `id` = '1' [ RunTime:0.0004s ]

