[ 2016-07-21T16:58:47+08:00 ] ::1 /thinkcmfx/index.php?g=Admin&m=Menu&a=index&menuid=100
NOTIC: D方法实例化没找到模型类Common\Model\AuthRuleModel

[ 2016-07-21T16:59:30+08:00 ] ::1 /thinkcmfx/index.php?g=Admin&m=Menu&a=index&menuid=100
NOTIC: D方法实例化没找到模型类Common\Model\AuthRuleModel

[ 2016-07-21T16:59:44+08:00 ] ::1 /thinkcmfx/index.php?g=Admin&m=Menu&a=listorders
INFO: [ app_begin ] --START--
INFO: Run Behavior\ReadHtmlCacheBehavior [ RunTime:0.000489s ]
INFO: Run Behavior\CheckLangBehavior [ RunTime:0.001206s ]
INFO: [ app_begin ] --END-- [ RunTime:0.002182s ]
SQL: SHOW COLUMNS FROM `cmf_users` [ RunTime:0.0026s ]
SQL: SELECT * FROM `cmf_users` WHERE ( id=1 ) LIMIT 1   [ RunTime:0.0004s ]
SQL: SHOW COLUMNS FROM `cmf_menu` [ RunTime:0.0019s ]
NOTIC: D方法实例化没找到模型类Common\Model\AuthRuleModel
SQL: SHOW COLUMNS FROM `cmf_auth_rule` [ RunTime:0.0015s ]
SQL: UPDATE `cmf_menu` SET `listorder`='0' WHERE `id` = 109 [ RunTime:0.0003s ]
SQL: UPDATE `cmf_menu` SET `listorder`='0' WHERE `id` = 110 [ RunTime:0.0002s ]
SQL: UPDATE `cmf_menu` SET `listorder`='0' WHERE `id` = 111 [ RunTime:0.0002s ]
SQL: UPDATE `cmf_menu` SET `listorder`='0' WHERE `id` = 112 [ RunTime:0.0002s ]
SQL: UPDATE `cmf_menu` SET `listorder`='0' WHERE `id` = 113 [ RunTime:0.0002s ]
SQL: UPDATE `cmf_menu` SET `listorder`='0' WHERE `id` = 114 [ RunTime:0.0002s ]
SQL: UPDATE `cmf_menu` SET `listorder`='0' WHERE `id` = 115 [ RunTime:0.0002s ]
SQL: UPDATE `cmf_menu` SET `listorder`='0' WHERE `id` = 116 [ RunTime:0.0002s ]
SQL: UPDATE `cmf_menu` SET `listorder`='0' WHERE `id` = 117 [ RunTime:0.0002s ]
SQL: UPDATE `cmf_menu` SET `listorder`='0' WHERE `id` = 118 [ RunTime:0.0003s ]
SQL: UPDATE `cmf_menu` SET `listorder`='0' WHERE `id` = 119 [ RunTime:0.0003s ]
SQL: UPDATE `cmf_menu` SET `listorder`='0' WHERE `id` = 120 [ RunTime:0.0002s ]
SQL: UPDATE `cmf_menu` SET `listorder`='0' WHERE `id` = 121 [ RunTime:0.0003s ]
SQL: UPDATE `cmf_menu` SET `listorder`='0' WHERE `id` = 122 [ RunTime:0.0003s ]
SQL: UPDATE `cmf_menu` SET `listorder`='0' WHERE `id` = 123 [ RunTime:0.0004s ]
SQL: UPDATE `cmf_menu` SET `listorder`='0' WHERE `id` = 124 [ RunTime:0.0003s ]
SQL: UPDATE `cmf_menu` SET `listorder`='0' WHERE `id` = 125 [ RunTime:0.0003s ]
SQL: UPDATE `cmf_menu` SET `listorder`='0' WHERE `id` = 126 [ RunTime:0.0002s ]
SQL: UPDATE `cmf_menu` SET `listorder`='0' WHERE `id` = 127 [ RunTime:0.0002s ]
SQL: UPDATE `cmf_menu` SET `listorder`='0' WHERE `id` = 128 [ RunTime:0.0002s ]
SQL: UPDATE `cmf_menu` SET `listorder`='0' WHERE `id` = 129 [ RunTime:0.0002s ]
SQL: UPDATE `cmf_menu` SET `listorder`='0' WHERE `id` = 130 [ RunTime:0.0002s ]
SQL: UPDATE `cmf_menu` SET `listorder`='1' WHERE `id` = 131 [ RunTime:0.0002s ]
SQL: UPDATE `cmf_menu` SET `listorder`='0' WHERE `id` = 162 [ RunTime:0.0002s ]
SQL: UPDATE `cmf_menu` SET `listorder`='0' WHERE `id` = 163 [ RunTime:0.0002s ]
SQL: UPDATE `cmf_menu` SET `listorder`='0' WHERE `id` = 164 [ RunTime:0.0002s ]
SQL: UPDATE `cmf_menu` SET `listorder`='1' WHERE `id` = 165 [ RunTime:0.0002s ]
SQL: UPDATE `cmf_menu` SET `listorder`='0' WHERE `id` = 166 [ RunTime:0.0003s ]
SQL: UPDATE `cmf_menu` SET `listorder`='0' WHERE `id` = 167 [ RunTime:0.0003s ]
SQL: UPDATE `cmf_menu` SET `listorder`='0' WHERE `id` = 168 [ RunTime:0.0002s ]
SQL: UPDATE `cmf_menu` SET `listorder`='0' WHERE `id` = 169 [ RunTime:0.0002s ]
SQL: UPDATE `cmf_menu` SET `listorder`='0' WHERE `id` = 170 [ RunTime:0.0002s ]
SQL: UPDATE `cmf_menu` SET `listorder`='0' WHERE `id` = 171 [ RunTime:0.0002s ]
SQL: UPDATE `cmf_menu` SET `listorder`='10' WHERE `id` = 132 [ RunTime:0.0002s ]
SQL: UPDATE `cmf_menu` SET `listorder`='0' WHERE `id` = 133 [ RunTime:0.0002s ]
SQL: UPDATE `cmf_menu` SET `listorder`='0' WHERE `id` = 134 [ RunTime:0.0002s ]
SQL: UPDATE `cmf_menu` SET `listorder`='0' WHERE `id` = 135 [ RunTime:0.0002s ]
SQL: UPDATE `cmf_menu` SET `listorder`='0' WHERE `id` = 136 [ RunTime:0.0002s ]
SQL: UPDATE `cmf_menu` SET `listorder`='0' WHERE `id` = 137 [ RunTime:0.0002s ]
SQL: UPDATE `cmf_menu` SET `listorder`='0' WHERE `id` = 138 [ RunTime:0.0002s ]
SQL: UPDATE `cmf_menu` SET `listorder`='0' WHERE `id` = 139 [ RunTime:0.0002s ]
SQL: UPDATE `cmf_menu` SET `listorder`='0' WHERE `id` = 140 [ RunTime:0.0002s ]
SQL: UPDATE `cmf_menu` SET `listorder`='1000' WHERE `id` = 141 [ RunTime:0.0002s ]
SQL: UPDATE `cmf_menu` SET `listorder`='1000' WHERE `id` = 142 [ RunTime:0.0002s ]
SQL: UPDATE `cmf_menu` SET `listorder`='0' WHERE `id` = 143 [ RunTime:0.0002s ]
SQL: UPDATE `cmf_menu` SET `listorder`='1000' WHERE `id` = 144 [ RunTime:0.0002s ]
SQL: UPDATE `cmf_menu` SET `listorder`='0' WHERE `id` = 145 [ RunTime:0.0002s ]
SQL: UPDATE `cmf_menu` SET `listorder`='1000' WHERE `id` = 146 [ RunTime:0.0001s ]
SQL: UPDATE `cmf_menu` SET `listorder`='1000' WHERE `id` = 147 [ RunTime:0.0002s ]
SQL: UPDATE `cmf_menu` SET `listorder`='0' WHERE `id` = 148 [ RunTime:0.0002s ]
SQL: UPDATE `cmf_menu` SET `listorder`='0' WHERE `id` = 149 [ RunTime:0.0002s ]
SQL: UPDATE `cmf_menu` SET `listorder`='0' WHERE `id` = 160 [ RunTime:0.0002s ]
SQL: UPDATE `cmf_menu` SET `listorder`='0' WHERE `id` = 161 [ RunTime:0.0002s ]
SQL: UPDATE `cmf_menu` SET `listorder`='1000' WHERE `id` = 150 [ RunTime:0.0002s ]
SQL: UPDATE `cmf_menu` SET `listorder`='1000' WHERE `id` = 151 [ RunTime:0.0002s ]
SQL: UPDATE `cmf_menu` SET `listorder`='0' WHERE `id` = 152 [ RunTime:0.0002s ]
SQL: UPDATE `cmf_menu` SET `listorder`='1000' WHERE `id` = 153 [ RunTime:0.0002s ]
SQL: UPDATE `cmf_menu` SET `listorder`='0' WHERE `id` = 154 [ RunTime:0.0002s ]
SQL: UPDATE `cmf_menu` SET `listorder`='20' WHERE `id` = 85 [ RunTime:0.0002s ]
SQL: UPDATE `cmf_menu` SET `listorder`='0' WHERE `id` = 86 [ RunTime:0.0002s ]
SQL: UPDATE `cmf_menu` SET `listorder`='0' WHERE `id` = 87 [ RunTime:0.0001s ]
SQL: UPDATE `cmf_menu` SET `listorder`='0' WHERE `id` = 88 [ RunTime:0.0002s ]
SQL: UPDATE `cmf_menu` SET `listorder`='1000' WHERE `id` = 89 [ RunTime:0.0002s ]
SQL: UPDATE `cmf_menu` SET `listorder`='1000' WHERE `id` = 90 [ RunTime:0.0002s ]
SQL: UPDATE `cmf_menu` SET `listorder`='0' WHERE `id` = 91 [ RunTime:0.0001s ]
SQL: UPDATE `cmf_menu` SET `listorder`='1000' WHERE `id` = 92 [ RunTime:0.0002s ]
SQL: UPDATE `cmf_menu` SET `listorder`='0' WHERE `id` = 93 [ RunTime:0.0002s ]
SQL: UPDATE `cmf_menu` SET `listorder`='0' WHERE `id` = 94 [ RunTime:0.0002s ]
SQL: UPDATE `cmf_menu` SET `listorder`='1000' WHERE `id` = 95 [ RunTime:0.0002s ]
SQL: UPDATE `cmf_menu` SET `listorder`='1000' WHERE `id` = 96 [ RunTime:0.0001s ]
SQL: UPDATE `cmf_menu` SET `listorder`='0' WHERE `id` = 97 [ RunTime:0.0002s ]
SQL: UPDATE `cmf_menu` SET `listorder`='1000' WHERE `id` = 98 [ RunTime:0.0002s ]
SQL: UPDATE `cmf_menu` SET `listorder`='0' WHERE `id` = 99 [ RunTime:0.0002s ]
SQL: UPDATE `cmf_menu` SET `listorder`='0' WHERE `id` = 100 [ RunTime:0.0002s ]
SQL: UPDATE `cmf_menu` SET `listorder`='0' WHERE `id` = 101 [ RunTime:0.0002s ]
SQL: UPDATE `cmf_menu` SET `listorder`='0' WHERE `id` = 102 [ RunTime:0.0002s ]
SQL: UPDATE `cmf_menu` SET `listorder`='0' WHERE `id` = 103 [ RunTime:0.0002s ]
SQL: UPDATE `cmf_menu` SET `listorder`='1000' WHERE `id` = 104 [ RunTime:0.0002s ]
SQL: UPDATE `cmf_menu` SET `listorder`='1000' WHERE `id` = 105 [ RunTime:0.0001s ]
SQL: UPDATE `cmf_menu` SET `listorder`='0' WHERE `id` = 106 [ RunTime:0.0002s ]
SQL: UPDATE `cmf_menu` SET `listorder`='1000' WHERE `id` = 107 [ RunTime:0.0002s ]
SQL: UPDATE `cmf_menu` SET `listorder`='1000' WHERE `id` = 108 [ RunTime:0.0002s ]
SQL: UPDATE `cmf_menu` SET `listorder`='2' WHERE `id` = 1 [ RunTime:0.0002s ]
SQL: UPDATE `cmf_menu` SET `listorder`='0' WHERE `id` = 2 [ RunTime:0.0002s ]
SQL: UPDATE `cmf_menu` SET `listorder`='0' WHERE `id` = 3 [ RunTime:0.0002s ]
SQL: UPDATE `cmf_menu` SET `listorder`='0' WHERE `id` = 4 [ RunTime:0.0001s ]
SQL: UPDATE `cmf_menu` SET `listorder`='0' WHERE `id` = 5 [ RunTime:0.0002s ]
SQL: UPDATE `cmf_menu` SET `listorder`='0' WHERE `id` = 6 [ RunTime:0.0002s ]
SQL: UPDATE `cmf_menu` SET `listorder`='1' WHERE `id` = 7 [ RunTime:0.0002s ]
SQL: UPDATE `cmf_menu` SET `listorder`='0' WHERE `id` = 8 [ RunTime:0.0001s ]
SQL: UPDATE `cmf_menu` SET `listorder`='0' WHERE `id` = 9 [ RunTime:0.0002s ]
SQL: UPDATE `cmf_menu` SET `listorder`='0' WHERE `id` = 10 [ RunTime:0.0002s ]
SQL: UPDATE `cmf_menu` SET `listorder`='1000' WHERE `id` = 11 [ RunTime:0.0002s ]
SQL: UPDATE `cmf_menu` SET `listorder`='1000' WHERE `id` = 12 [ RunTime:0.0002s ]
SQL: UPDATE `cmf_menu` SET `listorder`='1000' WHERE `id` = 13 [ RunTime:0.0003s ]
SQL: UPDATE `cmf_menu` SET `listorder`='1000' WHERE `id` = 14 [ RunTime:0.0002s ]
SQL: UPDATE `cmf_menu` SET `listorder`='0' WHERE `id` = 15 [ RunTime:0.0001s ]
SQL: UPDATE `cmf_menu` SET `listorder`='1000' WHERE `id` = 16 [ RunTime:0.0002s ]
SQL: UPDATE `cmf_menu` SET `listorder`='0' WHERE `id` = 17 [ RunTime:0.0002s ]
SQL: UPDATE `cmf_menu` SET `listorder`='2' WHERE `id` = 18 [ RunTime:0.0002s ]
SQL: UPDATE `cmf_menu` SET `listorder`='0' WHERE `id` = 19 [ RunTime:0.0002s ]
SQL: UPDATE `cmf_menu` SET `listorder`='1000' WHERE `id` = 20 [ RunTime:0.0002s ]
SQL: UPDATE `cmf_menu` SET `listorder`='1000' WHERE `id` = 21 [ RunTime:0.0002s ]
SQL: UPDATE `cmf_menu` SET `listorder`='0' WHERE `id` = 22 [ RunTime:0.0002s ]
SQL: UPDATE `cmf_menu` SET `listorder`='1000' WHERE `id` = 23 [ RunTime:0.0002s ]
SQL: UPDATE `cmf_menu` SET `listorder`='0' WHERE `id` = 24 [ RunTime:0.0002s ]
SQL: UPDATE `cmf_menu` SET `listorder`='3' WHERE `id` = 25 [ RunTime:0.0002s ]
SQL: UPDATE `cmf_menu` SET `listorder`='0' WHERE `id` = 26 [ RunTime:0.0002s ]
SQL: UPDATE `cmf_menu` SET `listorder`='1000' WHERE `id` = 27 [ RunTime:0.0002s ]
SQL: UPDATE `cmf_menu` SET `listorder`='1000' WHERE `id` = 28 [ RunTime:0.0002s ]
SQL: UPDATE `cmf_menu` SET `listorder`='0' WHERE `id` = 29 [ RunTime:0.0002s ]
SQL: UPDATE `cmf_menu` SET `listorder`='1000' WHERE `id` = 30 [ RunTime:0.0001s ]
SQL: UPDATE `cmf_menu` SET `listorder`='0' WHERE `id` = 31 [ RunTime:0.0002s ]
SQL: UPDATE `cmf_menu` SET `listorder`='4' WHERE `id` = 32 [ RunTime:0.0002s ]
SQL: UPDATE `cmf_menu` SET `listorder`='0' WHERE `id` = 33 [ RunTime:0.0001s ]
SQL: UPDATE `cmf_menu` SET `listorder`='1000' WHERE `id` = 34 [ RunTime:0.0002s ]
SQL: UPDATE `cmf_menu` SET `listorder`='1000' WHERE `id` = 35 [ RunTime:0.0002s ]
SQL: UPDATE `cmf_menu` SET `listorder`='1' WHERE `id` = 36 [ RunTime:0.0002s ]
SQL: UPDATE `cmf_menu` SET `listorder`='1000' WHERE `id` = 37 [ RunTime:0.0002s ]
SQL: UPDATE `cmf_menu` SET `listorder`='1000' WHERE `id` = 38 [ RunTime:0.0002s ]
SQL: UPDATE `cmf_menu` SET `listorder`='40' WHERE `id` = 39 [ RunTime:0.0002s ]
SQL: UPDATE `cmf_menu` SET `listorder`='0' WHERE `id` = 40 [ RunTime:0.0002s ]
SQL: UPDATE `cmf_menu` SET `listorder`='0' WHERE `id` = 41 [ RunTime:0.0002s ]
SQL: UPDATE `cmf_menu` SET `listorder`='0' WHERE `id` = 42 [ RunTime:0.0002s ]
SQL: UPDATE `cmf_menu` SET `listorder`='0' WHERE `id` = 43 [ RunTime:0.0002s ]
SQL: UPDATE `cmf_menu` SET `listorder`='1000' WHERE `id` = 44 [ RunTime:0.0002s ]
SQL: UPDATE `cmf_menu` SET `listorder`='1000' WHERE `id` = 45 [ RunTime:0.0002s ]
SQL: UPDATE `cmf_menu` SET `listorder`='1000' WHERE `id` = 46 [ RunTime:0.0002s ]
SQL: UPDATE `cmf_menu` SET `listorder`='0' WHERE `id` = 47 [ RunTime:0.0002s ]
SQL: UPDATE `cmf_menu` SET `listorder`='0' WHERE `id` = 48 [ RunTime:0.0002s ]
SQL: UPDATE `cmf_menu` SET `listorder`='0' WHERE `id` = 49 [ RunTime:0.0002s ]
SQL: UPDATE `cmf_menu` SET `listorder`='0' WHERE `id` = 50 [ RunTime:0.0002s ]
SQL: UPDATE `cmf_menu` SET `listorder`='0' WHERE `id` = 51 [ RunTime:0.0002s ]
SQL: UPDATE `cmf_menu` SET `listorder`='0' WHERE `id` = 52 [ RunTime:0.0002s ]
SQL: UPDATE `cmf_menu` SET `listorder`='0' WHERE `id` = 155 [ RunTime:0.0002s ]
SQL: UPDATE `cmf_menu` SET `listorder`='0' WHERE `id` = 156 [ RunTime:0.0002s ]
SQL: UPDATE `cmf_menu` SET `listorder`='0' WHERE `id` = 157 [ RunTime:0.0002s ]
SQL: UPDATE `cmf_menu` SET `listorder`='1' WHERE `id` = 53 [ RunTime:0.0002s ]
SQL: UPDATE `cmf_menu` SET `listorder`='0' WHERE `id` = 54 [ RunTime:0.0002s ]
SQL: UPDATE `cmf_menu` SET `listorder`='0' WHERE `id` = 55 [ RunTime:0.0002s ]
SQL: UPDATE `cmf_menu` SET `listorder`='0' WHERE `id` = 56 [ RunTime:0.0002s ]
SQL: UPDATE `cmf_menu` SET `listorder`='0' WHERE `id` = 158 [ RunTime:0.0002s ]
SQL: UPDATE `cmf_menu` SET `listorder`='0' WHERE `id` = 159 [ RunTime:0.0002s ]
SQL: UPDATE `cmf_menu` SET `listorder`='1000' WHERE `id` = 57 [ RunTime:0.0002s ]
SQL: UPDATE `cmf_menu` SET `listorder`='1000' WHERE `id` = 58 [ RunTime:0.0002s ]
SQL: UPDATE `cmf_menu` SET `listorder`='0' WHERE `id` = 59 [ RunTime:0.0001s ]
SQL: UPDATE `cmf_menu` SET `listorder`='1000' WHERE `id` = 60 [ RunTime:0.0002s ]
SQL: UPDATE `cmf_menu` SET `listorder`='0' WHERE `id` = 61 [ RunTime:0.0001s ]
SQL: UPDATE `cmf_menu` SET `listorder`='0' WHERE `id` = 62 [ RunTime:0.0002s ]
SQL: UPDATE `cmf_menu` SET `listorder`='1000' WHERE `id` = 63 [ RunTime:0.0002s ]
SQL: UPDATE `cmf_menu` SET `listorder`='1000' WHERE `id` = 64 [ RunTime:0.0002s ]
SQL: UPDATE `cmf_menu` SET `listorder`='0' WHERE `id` = 65 [ RunTime:0.0001s ]
SQL: UPDATE `cmf_menu` SET `listorder`='1000' WHERE `id` = 66 [ RunTime:0.0002s ]
SQL: UPDATE `cmf_menu` SET `listorder`='0' WHERE `id` = 67 [ RunTime:0.0002s ]
SQL: UPDATE `cmf_menu` SET `listorder`='2' WHERE `id` = 68 [ RunTime:0.0001s ]
SQL: UPDATE `cmf_menu` SET `listorder`='0' WHERE `id` = 69 [ RunTime:0.0002s ]
SQL: UPDATE `cmf_menu` SET `listorder`='1000' WHERE `id` = 70 [ RunTime:0.0001s ]
SQL: UPDATE `cmf_menu` SET `listorder`='1000' WHERE `id` = 71 [ RunTime:0.0002s ]
SQL: UPDATE `cmf_menu` SET `listorder`='0' WHERE `id` = 72 [ RunTime:0.0001s ]
SQL: UPDATE `cmf_menu` SET `listorder`='1000' WHERE `id` = 73 [ RunTime:0.0002s ]
SQL: UPDATE `cmf_menu` SET `listorder`='0' WHERE `id` = 74 [ RunTime:0.0002s ]
SQL: UPDATE `cmf_menu` SET `listorder`='3' WHERE `id` = 75 [ RunTime:0.0002s ]
SQL: UPDATE `cmf_menu` SET `listorder`='0' WHERE `id` = 76 [ RunTime:0.0002s ]
SQL: UPDATE `cmf_menu` SET `listorder`='0' WHERE `id` = 77 [ RunTime:0.0002s ]
SQL: UPDATE `cmf_menu` SET `listorder`='1000' WHERE `id` = 78 [ RunTime:0.0001s ]
SQL: UPDATE `cmf_menu` SET `listorder`='1000' WHERE `id` = 79 [ RunTime:0.0001s ]
SQL: UPDATE `cmf_menu` SET `listorder`='0' WHERE `id` = 80 [ RunTime:0.0002s ]
SQL: UPDATE `cmf_menu` SET `listorder`='1000' WHERE `id` = 81 [ RunTime:0.0001s ]
SQL: UPDATE `cmf_menu` SET `listorder`='0' WHERE `id` = 82 [ RunTime:0.0002s ]
SQL: UPDATE `cmf_menu` SET `listorder`='4' WHERE `id` = 83 [ RunTime:0.0001s ]
SQL: UPDATE `cmf_menu` SET `listorder`='0' WHERE `id` = 84 [ RunTime:0.0002s ]

[ 2016-07-21T16:59:45+08:00 ] ::1 /thinkcmfx/index.php?g=Admin&m=Menu&a=index&menuid=100
NOTIC: D方法实例化没找到模型类Common\Model\AuthRuleModel

[ 2016-07-21T17:00:40+08:00 ] ::1 /thinkcmfx/index.php?g=Admin&m=Menu&a=index&menuid=100
NOTIC: D方法实例化没找到模型类Common\Model\AuthRuleModel

[ 2016-07-21T17:00:51+08:00 ] ::1 /thinkcmfx/index.php?g=Admin&m=Menu&a=edit&id=40&menuid=100
NOTIC: D方法实例化没找到模型类Common\Model\AuthRuleModel

[ 2016-07-21T17:00:56+08:00 ] ::1 /thinkcmfx/index.php?g=Admin&m=Menu&a=edit_post
NOTIC: D方法实例化没找到模型类Common\Model\AuthRuleModel

[ 2016-07-21T17:01:03+08:00 ] ::1 /thinkcmfx/index.php?g=Admin&m=Menu&a=edit&id=47&menuid=100
NOTIC: D方法实例化没找到模型类Common\Model\AuthRuleModel

[ 2016-07-21T17:01:07+08:00 ] ::1 /thinkcmfx/index.php?g=Admin&m=Menu&a=edit_post
INFO: [ app_begin ] --START--
INFO: Run Behavior\ReadHtmlCacheBehavior [ RunTime:0.000459s ]
INFO: Run Behavior\CheckLangBehavior [ RunTime:0.001225s ]
INFO: [ app_begin ] --END-- [ RunTime:0.002202s ]
SQL: SHOW COLUMNS FROM `cmf_users` [ RunTime:0.0017s ]
SQL: SELECT * FROM `cmf_users` WHERE ( id=1 ) LIMIT 1   [ RunTime:0.0003s ]
SQL: SHOW COLUMNS FROM `cmf_menu` [ RunTime:0.0014s ]
NOTIC: D方法实例化没找到模型类Common\Model\AuthRuleModel
SQL: SHOW COLUMNS FROM `cmf_auth_rule` [ RunTime:0.0013s ]
NOTIC: [8] Undefined index: validate F:\hechao\wampp\wamp\www\ThinkCMFX\simplewind\Core\Library\Think\Model.class.php 第 1185 行.
SQL: SELECT `id` FROM `cmf_menu` WHERE `app` = 'Admin' AND `model` = 'Plugin' AND `action` = 'index' LIMIT 1   [ RunTime:0.0003s ]
NOTIC: [8] Undefined index: auto F:\hechao\wampp\wamp\www\ThinkCMFX\simplewind\Core\Library\Think\Model.class.php 第 1128 行.
SQL: UPDATE `cmf_menu` SET `parentid`='39',`name`='插件管理',`app`='Admin',`model`='Plugin',`action`='index',`data`='',`icon`='',`remark`='',`status`='0',`type`='1' WHERE `id` = 47 [ RunTime:0.0003s ]
SQL: SELECT * FROM `cmf_auth_rule` WHERE `name` = 'admin/plugin/index' LIMIT 1   [ RunTime:0.0002s ]
SQL: UPDATE `cmf_auth_rule` SET `name`='admin/plugin/index',`module`='Admin',`type`='admin_url',`title`='插件管理' WHERE `name` = 'admin/plugin/index' [ RunTime:0.0010s ]

[ 2016-07-21T17:01:07+08:00 ] ::1 /thinkcmfx/index.php?g=Admin&m=Menu&a=edit&id=47&menuid=100
NOTIC: D方法实例化没找到模型类Common\Model\AuthRuleModel

[ 2016-07-21T17:01:13+08:00 ] ::1 /thinkcmfx/index.php?g=Admin&m=Menu&a=edit&id=53&menuid=100
NOTIC: D方法实例化没找到模型类Common\Model\AuthRuleModel

[ 2016-07-21T17:01:23+08:00 ] ::1 /thinkcmfx/index.php?g=Admin&m=Menu&a=index&menuid=100
NOTIC: D方法实例化没找到模型类Common\Model\AuthRuleModel

[ 2016-07-21T17:01:43+08:00 ] ::1 /thinkcmfx/index.php?g=Admin&m=Menu&a=delete&id=163&menuid=100
INFO: [ app_begin ] --START--
INFO: Run Behavior\ReadHtmlCacheBehavior [ RunTime:0.000495s ]
INFO: Run Behavior\CheckLangBehavior [ RunTime:0.001568s ]
INFO: [ app_begin ] --END-- [ RunTime:0.002578s ]
SQL: SHOW COLUMNS FROM `cmf_users` [ RunTime:0.0016s ]
SQL: SELECT * FROM `cmf_users` WHERE ( id=1 ) LIMIT 1   [ RunTime:0.0003s ]
SQL: SHOW COLUMNS FROM `cmf_menu` [ RunTime:0.0020s ]
NOTIC: D方法实例化没找到模型类Common\Model\AuthRuleModel
SQL: SHOW COLUMNS FROM `cmf_auth_rule` [ RunTime:0.0016s ]
SQL: SELECT COUNT(*) AS tp_count FROM `cmf_menu` WHERE `parentid` = 163 LIMIT 1   [ RunTime:0.0003s ]
SQL: DELETE FROM `cmf_menu` WHERE `id` = 163 [ RunTime:0.0002s ]

[ 2016-07-21T17:01:43+08:00 ] ::1 /thinkcmfx/index.php?g=Admin&m=Menu&a=index&menuid=100
NOTIC: D方法实例化没找到模型类Common\Model\AuthRuleModel

[ 2016-07-21T17:01:49+08:00 ] ::1 /thinkcmfx/index.php?g=Admin&m=Menu&a=delete&id=164&menuid=100
INFO: [ app_begin ] --START--
INFO: Run Behavior\ReadHtmlCacheBehavior [ RunTime:0.000442s ]
INFO: Run Behavior\CheckLangBehavior [ RunTime:0.001027s ]
INFO: [ app_begin ] --END-- [ RunTime:0.001983s ]
SQL: SHOW COLUMNS FROM `cmf_users` [ RunTime:0.0017s ]
SQL: SELECT * FROM `cmf_users` WHERE ( id=1 ) LIMIT 1   [ RunTime:0.0003s ]
SQL: SHOW COLUMNS FROM `cmf_menu` [ RunTime:0.0019s ]
NOTIC: D方法实例化没找到模型类Common\Model\AuthRuleModel
SQL: SHOW COLUMNS FROM `cmf_auth_rule` [ RunTime:0.0018s ]
SQL: SELECT COUNT(*) AS tp_count FROM `cmf_menu` WHERE `parentid` = 164 LIMIT 1   [ RunTime:0.0002s ]
SQL: DELETE FROM `cmf_menu` WHERE `id` = 164 [ RunTime:0.0002s ]

[ 2016-07-21T17:01:49+08:00 ] ::1 /thinkcmfx/index.php?g=Admin&m=Menu&a=index&menuid=100
NOTIC: D方法实例化没找到模型类Common\Model\AuthRuleModel

[ 2016-07-21T17:01:52+08:00 ] ::1 /thinkcmfx/index.php?g=Admin&m=Menu&a=delete&id=162&menuid=100
INFO: [ app_begin ] --START--
INFO: Run Behavior\ReadHtmlCacheBehavior [ RunTime:0.000407s ]
INFO: Run Behavior\CheckLangBehavior [ RunTime:0.000913s ]
INFO: [ app_begin ] --END-- [ RunTime:0.001797s ]
SQL: SHOW COLUMNS FROM `cmf_users` [ RunTime:0.0018s ]
SQL: SELECT * FROM `cmf_users` WHERE ( id=1 ) LIMIT 1   [ RunTime:0.0003s ]
SQL: SHOW COLUMNS FROM `cmf_menu` [ RunTime:0.0016s ]
NOTIC: D方法实例化没找到模型类Common\Model\AuthRuleModel
SQL: SHOW COLUMNS FROM `cmf_auth_rule` [ RunTime:0.0018s ]
SQL: SELECT COUNT(*) AS tp_count FROM `cmf_menu` WHERE `parentid` = 162 LIMIT 1   [ RunTime:0.0003s ]
SQL: DELETE FROM `cmf_menu` WHERE `id` = 162 [ RunTime:0.0002s ]

[ 2016-07-21T17:01:53+08:00 ] ::1 /thinkcmfx/index.php?g=Admin&m=Menu&a=index&menuid=100
NOTIC: D方法实例化没找到模型类Common\Model\AuthRuleModel

[ 2016-07-21T17:02:27+08:00 ] ::1 /thinkcmfx/index.php?g=Admin&m=Menu&a=listorders
INFO: [ app_begin ] --START--
INFO: Run Behavior\ReadHtmlCacheBehavior [ RunTime:0.000370s ]
INFO: Run Behavior\CheckLangBehavior [ RunTime:0.000927s ]
INFO: [ app_begin ] --END-- [ RunTime:0.001770s ]
SQL: SHOW COLUMNS FROM `cmf_users` [ RunTime:0.0020s ]
SQL: SELECT * FROM `cmf_users` WHERE ( id=1 ) LIMIT 1   [ RunTime:0.0003s ]
SQL: SHOW COLUMNS FROM `cmf_menu` [ RunTime:0.0017s ]
NOTIC: D方法实例化没找到模型类Common\Model\AuthRuleModel
SQL: SHOW COLUMNS FROM `cmf_auth_rule` [ RunTime:0.0016s ]
SQL: UPDATE `cmf_menu` SET `listorder`='42' WHERE `id` = 109 [ RunTime:0.0003s ]
SQL: UPDATE `cmf_menu` SET `listorder`='0' WHERE `id` = 110 [ RunTime:0.0002s ]
SQL: UPDATE `cmf_menu` SET `listorder`='0' WHERE `id` = 111 [ RunTime:0.0003s ]
SQL: UPDATE `cmf_menu` SET `listorder`='0' WHERE `id` = 112 [ RunTime:0.0003s ]
SQL: UPDATE `cmf_menu` SET `listorder`='0' WHERE `id` = 113 [ RunTime:0.0002s ]
SQL: UPDATE `cmf_menu` SET `listorder`='0' WHERE `id` = 114 [ RunTime:0.0002s ]
SQL: UPDATE `cmf_menu` SET `listorder`='0' WHERE `id` = 115 [ RunTime:0.0002s ]
SQL: UPDATE `cmf_menu` SET `listorder`='0' WHERE `id` = 116 [ RunTime:0.0002s ]
SQL: UPDATE `cmf_menu` SET `listorder`='0' WHERE `id` = 117 [ RunTime:0.0002s ]
SQL: UPDATE `cmf_menu` SET `listorder`='0' WHERE `id` = 118 [ RunTime:0.0002s ]
SQL: UPDATE `cmf_menu` SET `listorder`='0' WHERE `id` = 119 [ RunTime:0.0002s ]
SQL: UPDATE `cmf_menu` SET `listorder`='0' WHERE `id` = 120 [ RunTime:0.0002s ]
SQL: UPDATE `cmf_menu` SET `listorder`='0' WHERE `id` = 121 [ RunTime:0.0002s ]
SQL: UPDATE `cmf_menu` SET `listorder`='0' WHERE `id` = 122 [ RunTime:0.0002s ]
SQL: UPDATE `cmf_menu` SET `listorder`='0' WHERE `id` = 123 [ RunTime:0.0002s ]
SQL: UPDATE `cmf_menu` SET `listorder`='0' WHERE `id` = 124 [ RunTime:0.0002s ]
SQL: UPDATE `cmf_menu` SET `listorder`='0' WHERE `id` = 125 [ RunTime:0.0002s ]
SQL: UPDATE `cmf_menu` SET `listorder`='0' WHERE `id` = 126 [ RunTime:0.0002s ]
SQL: UPDATE `cmf_menu` SET `listorder`='0' WHERE `id` = 127 [ RunTime:0.0002s ]
SQL: UPDATE `cmf_menu` SET `listorder`='0' WHERE `id` = 128 [ RunTime:0.0002s ]
SQL: UPDATE `cmf_menu` SET `listorder`='0' WHERE `id` = 129 [ RunTime:0.0002s ]
SQL: UPDATE `cmf_menu` SET `listorder`='0' WHERE `id` = 130 [ RunTime:0.0002s ]
SQL: UPDATE `cmf_menu` SET `listorder`='1' WHERE `id` = 131 [ RunTime:0.0003s ]
SQL: UPDATE `cmf_menu` SET `listorder`='1' WHERE `id` = 165 [ RunTime:0.0003s ]
SQL: UPDATE `cmf_menu` SET `listorder`='0' WHERE `id` = 166 [ RunTime:0.0003s ]
SQL: UPDATE `cmf_menu` SET `listorder`='0' WHERE `id` = 167 [ RunTime:0.0006s ]
SQL: UPDATE `cmf_menu` SET `listorder`='0' WHERE `id` = 168 [ RunTime:0.0004s ]
SQL: UPDATE `cmf_menu` SET `listorder`='0' WHERE `id` = 169 [ RunTime:0.0004s ]
SQL: UPDATE `cmf_menu` SET `listorder`='0' WHERE `id` = 170 [ RunTime:0.0004s ]
SQL: UPDATE `cmf_menu` SET `listorder`='0' WHERE `id` = 171 [ RunTime:0.0003s ]
SQL: UPDATE `cmf_menu` SET `listorder`='2' WHERE `id` = 1 [ RunTime:0.0002s ]
SQL: UPDATE `cmf_menu` SET `listorder`='0' WHERE `id` = 2 [ RunTime:0.0002s ]
SQL: UPDATE `cmf_menu` SET `listorder`='0' WHERE `id` = 3 [ RunTime:0.0002s ]
SQL: UPDATE `cmf_menu` SET `listorder`='0' WHERE `id` = 4 [ RunTime:0.0002s ]
SQL: UPDATE `cmf_menu` SET `listorder`='0' WHERE `id` = 5 [ RunTime:0.0002s ]
SQL: UPDATE `cmf_menu` SET `listorder`='0' WHERE `id` = 6 [ RunTime:0.0002s ]
SQL: UPDATE `cmf_menu` SET `listorder`='1' WHERE `id` = 7 [ RunTime:0.0001s ]
SQL: UPDATE `cmf_menu` SET `listorder`='0' WHERE `id` = 8 [ RunTime:0.0002s ]
SQL: UPDATE `cmf_menu` SET `listorder`='0' WHERE `id` = 9 [ RunTime:0.0002s ]
SQL: UPDATE `cmf_menu` SET `listorder`='0' WHERE `id` = 10 [ RunTime:0.0002s ]
SQL: UPDATE `cmf_menu` SET `listorder`='1000' WHERE `id` = 11 [ RunTime:0.0002s ]
SQL: UPDATE `cmf_menu` SET `listorder`='1000' WHERE `id` = 12 [ RunTime:0.0002s ]
SQL: UPDATE `cmf_menu` SET `listorder`='1000' WHERE `id` = 13 [ RunTime:0.0002s ]
SQL: UPDATE `cmf_menu` SET `listorder`='1000' WHERE `id` = 14 [ RunTime:0.0002s ]
SQL: UPDATE `cmf_menu` SET `listorder`='0' WHERE `id` = 15 [ RunTime:0.0002s ]
SQL: UPDATE `cmf_menu` SET `listorder`='1000' WHERE `id` = 16 [ RunTime:0.0002s ]
SQL: UPDATE `cmf_menu` SET `listorder`='0' WHERE `id` = 17 [ RunTime:0.0002s ]
SQL: UPDATE `cmf_menu` SET `listorder`='2' WHERE `id` = 18 [ RunTime:0.0002s ]
SQL: UPDATE `cmf_menu` SET `listorder`='0' WHERE `id` = 19 [ RunTime:0.0002s ]
SQL: UPDATE `cmf_menu` SET `listorder`='1000' WHERE `id` = 20 [ RunTime:0.0002s ]
SQL: UPDATE `cmf_menu` SET `listorder`='1000' WHERE `id` = 21 [ RunTime:0.0002s ]
SQL: UPDATE `cmf_menu` SET `listorder`='0' WHERE `id` = 22 [ RunTime:0.0002s ]
SQL: UPDATE `cmf_menu` SET `listorder`='1000' WHERE `id` = 23 [ RunTime:0.0002s ]
SQL: UPDATE `cmf_menu` SET `listorder`='0' WHERE `id` = 24 [ RunTime:0.0002s ]
SQL: UPDATE `cmf_menu` SET `listorder`='3' WHERE `id` = 25 [ RunTime:0.0002s ]
SQL: UPDATE `cmf_menu` SET `listorder`='0' WHERE `id` = 26 [ RunTime:0.0002s ]
SQL: UPDATE `cmf_menu` SET `listorder`='1000' WHERE `id` = 27 [ RunTime:0.0002s ]
SQL: UPDATE `cmf_menu` SET `listorder`='1000' WHERE `id` = 28 [ RunTime:0.0002s ]
SQL: UPDATE `cmf_menu` SET `listorder`='0' WHERE `id` = 29 [ RunTime:0.0002s ]
SQL: UPDATE `cmf_menu` SET `listorder`='1000' WHERE `id` = 30 [ RunTime:0.0002s ]
SQL: UPDATE `cmf_menu` SET `listorder`='0' WHERE `id` = 31 [ RunTime:0.0002s ]
SQL: UPDATE `cmf_menu` SET `listorder`='4' WHERE `id` = 32 [ RunTime:0.0002s ]
SQL: UPDATE `cmf_menu` SET `listorder`='0' WHERE `id` = 33 [ RunTime:0.0002s ]
SQL: UPDATE `cmf_menu` SET `listorder`='1000' WHERE `id` = 34 [ RunTime:0.0002s ]
SQL: UPDATE `cmf_menu` SET `listorder`='1000' WHERE `id` = 35 [ RunTime:0.0002s ]
SQL: UPDATE `cmf_menu` SET `listorder`='1' WHERE `id` = 36 [ RunTime:0.0002s ]
SQL: UPDATE `cmf_menu` SET `listorder`='1000' WHERE `id` = 37 [ RunTime:0.0002s ]
SQL: UPDATE `cmf_menu` SET `listorder`='1000' WHERE `id` = 38 [ RunTime:0.0002s ]
SQL: UPDATE `cmf_menu` SET `listorder`='10' WHERE `id` = 132 [ RunTime:0.0002s ]
SQL: UPDATE `cmf_menu` SET `listorder`='0' WHERE `id` = 133 [ RunTime:0.0002s ]
SQL: UPDATE `cmf_menu` SET `listorder`='0' WHERE `id` = 134 [ RunTime:0.0002s ]
SQL: UPDATE `cmf_menu` SET `listorder`='0' WHERE `id` = 135 [ RunTime:0.0002s ]
SQL: UPDATE `cmf_menu` SET `listorder`='0' WHERE `id` = 136 [ RunTime:0.0002s ]
SQL: UPDATE `cmf_menu` SET `listorder`='0' WHERE `id` = 137 [ RunTime:0.0002s ]
SQL: UPDATE `cmf_menu` SET `listorder`='0' WHERE `id` = 138 [ RunTime:0.0002s ]
SQL: UPDATE `cmf_menu` SET `listorder`='0' WHERE `id` = 139 [ RunTime:0.0002s ]
SQL: UPDATE `cmf_menu` SET `listorder`='0' WHERE `id` = 140 [ RunTime:0.0002s ]
SQL: UPDATE `cmf_menu` SET `listorder`='1000' WHERE `id` = 141 [ RunTime:0.0002s ]
SQL: UPDATE `cmf_menu` SET `listorder`='1000' WHERE `id` = 142 [ RunTime:0.0001s ]
SQL: UPDATE `cmf_menu` SET `listorder`='0' WHERE `id` = 143 [ RunTime:0.0001s ]
SQL: UPDATE `cmf_menu` SET `listorder`='1000' WHERE `id` = 144 [ RunTime:0.0002s ]
SQL: UPDATE `cmf_menu` SET `listorder`='0' WHERE `id` = 145 [ RunTime:0.0002s ]
SQL: UPDATE `cmf_menu` SET `listorder`='1000' WHERE `id` = 146 [ RunTime:0.0002s ]
SQL: UPDATE `cmf_menu` SET `listorder`='1000' WHERE `id` = 147 [ RunTime:0.0002s ]
SQL: UPDATE `cmf_menu` SET `listorder`='0' WHERE `id` = 148 [ RunTime:0.0002s ]
SQL: UPDATE `cmf_menu` SET `listorder`='0' WHERE `id` = 149 [ RunTime:0.0002s ]
SQL: UPDATE `cmf_menu` SET `listorder`='0' WHERE `id` = 160 [ RunTime:0.0002s ]
SQL: UPDATE `cmf_menu` SET `listorder`='0' WHERE `id` = 161 [ RunTime:0.0002s ]
SQL: UPDATE `cmf_menu` SET `listorder`='1000' WHERE `id` = 150 [ RunTime:0.0002s ]
SQL: UPDATE `cmf_menu` SET `listorder`='1000' WHERE `id` = 151 [ RunTime:0.0002s ]
SQL: UPDATE `cmf_menu` SET `listorder`='0' WHERE `id` = 152 [ RunTime:0.0002s ]
SQL: UPDATE `cmf_menu` SET `listorder`='1000' WHERE `id` = 153 [ RunTime:0.0002s ]
SQL: UPDATE `cmf_menu` SET `listorder`='0' WHERE `id` = 154 [ RunTime:0.0002s ]
SQL: UPDATE `cmf_menu` SET `listorder`='20' WHERE `id` = 85 [ RunTime:0.0002s ]
SQL: UPDATE `cmf_menu` SET `listorder`='0' WHERE `id` = 86 [ RunTime:0.0002s ]
SQL: UPDATE `cmf_menu` SET `listorder`='0' WHERE `id` = 87 [ RunTime:0.0002s ]
SQL: UPDATE `cmf_menu` SET `listorder`='0' WHERE `id` = 88 [ RunTime:0.0002s ]
SQL: UPDATE `cmf_menu` SET `listorder`='1000' WHERE `id` = 89 [ RunTime:0.0002s ]
SQL: UPDATE `cmf_menu` SET `listorder`='1000' WHERE `id` = 90 [ RunTime:0.0002s ]
SQL: UPDATE `cmf_menu` SET `listorder`='0' WHERE `id` = 91 [ RunTime:0.0002s ]
SQL: UPDATE `cmf_menu` SET `listorder`='1000' WHERE `id` = 92 [ RunTime:0.0002s ]
SQL: UPDATE `cmf_menu` SET `listorder`='0' WHERE `id` = 93 [ RunTime:0.0001s ]
SQL: UPDATE `cmf_menu` SET `listorder`='0' WHERE `id` = 94 [ RunTime:0.0002s ]
SQL: UPDATE `cmf_menu` SET `listorder`='1000' WHERE `id` = 95 [ RunTime:0.0002s ]
SQL: UPDATE `cmf_menu` SET `listorder`='1000' WHERE `id` = 96 [ RunTime:0.0002s ]
SQL: UPDATE `cmf_menu` SET `listorder`='0' WHERE `id` = 97 [ RunTime:0.0002s ]
SQL: UPDATE `cmf_menu` SET `listorder`='1000' WHERE `id` = 98 [ RunTime:0.0002s ]
SQL: UPDATE `cmf_menu` SET `listorder`='0' WHERE `id` = 99 [ RunTime:0.0002s ]
SQL: UPDATE `cmf_menu` SET `listorder`='0' WHERE `id` = 100 [ RunTime:0.0002s ]
SQL: UPDATE `cmf_menu` SET `listorder`='0' WHERE `id` = 101 [ RunTime:0.0002s ]
SQL: UPDATE `cmf_menu` SET `listorder`='0' WHERE `id` = 102 [ RunTime:0.0002s ]
SQL: UPDATE `cmf_menu` SET `listorder`='0' WHERE `id` = 103 [ RunTime:0.0002s ]
SQL: UPDATE `cmf_menu` SET `listorder`='1000' WHERE `id` = 104 [ RunTime:0.0002s ]
SQL: UPDATE `cmf_menu` SET `listorder`='1000' WHERE `id` = 105 [ RunTime:0.0002s ]
SQL: UPDATE `cmf_menu` SET `listorder`='0' WHERE `id` = 106 [ RunTime:0.0002s ]
SQL: UPDATE `cmf_menu` SET `listorder`='1000' WHERE `id` = 107 [ RunTime:0.0002s ]
SQL: UPDATE `cmf_menu` SET `listorder`='1000' WHERE `id` = 108 [ RunTime:0.0002s ]
SQL: UPDATE `cmf_menu` SET `listorder`='40' WHERE `id` = 39 [ RunTime:0.0002s ]
SQL: UPDATE `cmf_menu` SET `listorder`='0' WHERE `id` = 40 [ RunTime:0.0002s ]
SQL: UPDATE `cmf_menu` SET `listorder`='0' WHERE `id` = 41 [ RunTime:0.0002s ]
SQL: UPDATE `cmf_menu` SET `listorder`='0' WHERE `id` = 42 [ RunTime:0.0002s ]
SQL: UPDATE `cmf_menu` SET `listorder`='0' WHERE `id` = 43 [ RunTime:0.0002s ]
SQL: UPDATE `cmf_menu` SET `listorder`='1000' WHERE `id` = 44 [ RunTime:0.0002s ]
SQL: UPDATE `cmf_menu` SET `listorder`='1000' WHERE `id` = 45 [ RunTime:0.0002s ]
SQL: UPDATE `cmf_menu` SET `listorder`='1000' WHERE `id` = 46 [ RunTime:0.0002s ]
SQL: UPDATE `cmf_menu` SET `listorder`='0' WHERE `id` = 47 [ RunTime:0.0002s ]
SQL: UPDATE `cmf_menu` SET `listorder`='0' WHERE `id` = 48 [ RunTime:0.0002s ]
SQL: UPDATE `cmf_menu` SET `listorder`='0' WHERE `id` = 49 [ RunTime:0.0002s ]
SQL: UPDATE `cmf_menu` SET `listorder`='0' WHERE `id` = 50 [ RunTime:0.0002s ]
SQL: UPDATE `cmf_menu` SET `listorder`='0' WHERE `id` = 51 [ RunTime:0.0002s ]
SQL: UPDATE `cmf_menu` SET `listorder`='0' WHERE `id` = 52 [ RunTime:0.0002s ]
SQL: UPDATE `cmf_menu` SET `listorder`='0' WHERE `id` = 155 [ RunTime:0.0002s ]
SQL: UPDATE `cmf_menu` SET `listorder`='0' WHERE `id` = 156 [ RunTime:0.0002s ]
SQL: UPDATE `cmf_menu` SET `listorder`='0' WHERE `id` = 157 [ RunTime:0.0002s ]
SQL: UPDATE `cmf_menu` SET `listorder`='1' WHERE `id` = 53 [ RunTime:0.0002s ]
SQL: UPDATE `cmf_menu` SET `listorder`='0' WHERE `id` = 54 [ RunTime:0.0002s ]
SQL: UPDATE `cmf_menu` SET `listorder`='0' WHERE `id` = 55 [ RunTime:0.0002s ]
SQL: UPDATE `cmf_menu` SET `listorder`='0' WHERE `id` = 56 [ RunTime:0.0002s ]
SQL: UPDATE `cmf_menu` SET `listorder`='0' WHERE `id` = 158 [ RunTime:0.0002s ]
SQL: UPDATE `cmf_menu` SET `listorder`='0' WHERE `id` = 159 [ RunTime:0.0002s ]
SQL: UPDATE `cmf_menu` SET `listorder`='1000' WHERE `id` = 57 [ RunTime:0.0002s ]
SQL: UPDATE `cmf_menu` SET `listorder`='1000' WHERE `id` = 58 [ RunTime:0.0002s ]
SQL: UPDATE `cmf_menu` SET `listorder`='0' WHERE `id` = 59 [ RunTime:0.0002s ]
SQL: UPDATE `cmf_menu` SET `listorder`='1000' WHERE `id` = 60 [ RunTime:0.0002s ]
SQL: UPDATE `cmf_menu` SET `listorder`='0' WHERE `id` = 61 [ RunTime:0.0002s ]
SQL: UPDATE `cmf_menu` SET `listorder`='0' WHERE `id` = 62 [ RunTime:0.0002s ]
SQL: UPDATE `cmf_menu` SET `listorder`='1000' WHERE `id` = 63 [ RunTime:0.0002s ]
SQL: UPDATE `cmf_menu` SET `listorder`='1000' WHERE `id` = 64 [ RunTime:0.0002s ]
SQL: UPDATE `cmf_menu` SET `listorder`='0' WHERE `id` = 65 [ RunTime:0.0002s ]
SQL: UPDATE `cmf_menu` SET `listorder`='1000' WHERE `id` = 66 [ RunTime:0.0001s ]
SQL: UPDATE `cmf_menu` SET `listorder`='0' WHERE `id` = 67 [ RunTime:0.0002s ]
SQL: UPDATE `cmf_menu` SET `listorder`='2' WHERE `id` = 68 [ RunTime:0.0002s ]
SQL: UPDATE `cmf_menu` SET `listorder`='0' WHERE `id` = 69 [ RunTime:0.0002s ]
SQL: UPDATE `cmf_menu` SET `listorder`='1000' WHERE `id` = 70 [ RunTime:0.0002s ]
SQL: UPDATE `cmf_menu` SET `listorder`='1000' WHERE `id` = 71 [ RunTime:0.0002s ]
SQL: UPDATE `cmf_menu` SET `listorder`='0' WHERE `id` = 72 [ RunTime:0.0002s ]
SQL: UPDATE `cmf_menu` SET `listorder`='1000' WHERE `id` = 73 [ RunTime:0.0002s ]
SQL: UPDATE `cmf_menu` SET `listorder`='0' WHERE `id` = 74 [ RunTime:0.0002s ]
SQL: UPDATE `cmf_menu` SET `listorder`='3' WHERE `id` = 75 [ RunTime:0.0002s ]
SQL: UPDATE `cmf_menu` SET `listorder`='0' WHERE `id` = 76 [ RunTime:0.0002s ]
SQL: UPDATE `cmf_menu` SET `listorder`='0' WHERE `id` = 77 [ RunTime:0.0001s ]
SQL: UPDATE `cmf_menu` SET `listorder`='1000' WHERE `id` = 78 [ RunTime:0.0002s ]
SQL: UPDATE `cmf_menu` SET `listorder`='1000' WHERE `id` = 79 [ RunTime:0.0002s ]
SQL: UPDATE `cmf_menu` SET `listorder`='0' WHERE `id` = 80 [ RunTime:0.0002s ]
SQL: UPDATE `cmf_menu` SET `listorder`='1000' WHERE `id` = 81 [ RunTime:0.0002s ]
SQL: UPDATE `cmf_menu` SET `listorder`='0' WHERE `id` = 82 [ RunTime:0.0002s ]
SQL: UPDATE `cmf_menu` SET `listorder`='4' WHERE `id` = 83 [ RunTime:0.0002s ]
SQL: UPDATE `cmf_menu` SET `listorder`='0' WHERE `id` = 84 [ RunTime:0.0002s ]

[ 2016-07-21T17:02:28+08:00 ] ::1 /thinkcmfx/index.php?g=Admin&m=Menu&a=index&menuid=100
NOTIC: D方法实例化没找到模型类Common\Model\AuthRuleModel

[ 2016-07-21T18:23:27+08:00 ] ::1 /thinkcmfx/index.php?g=Admin&m=Menu&a=index&menuid=100
NOTIC: D方法实例化没找到模型类Common\Model\AuthRuleModel

[ 2016-07-21T18:23:39+08:00 ] ::1 /thinkcmfx/index.php?g=Admin&m=menu&a=spmy_export_menu
NOTIC: D方法实例化没找到模型类Common\Model\AuthRuleModel

[ 2016-07-21T18:23:41+08:00 ] ::1 /thinkcmfx/index.php?g=Admin&m=menu&a=index
NOTIC: D方法实例化没找到模型类Common\Model\AuthRuleModel

[ 2016-07-21T18:24:52+08:00 ] ::1 /thinkcmfx/index.php?g=Admin&m=Menu&a=index&menuid=100
NOTIC: D方法实例化没找到模型类Common\Model\AuthRuleModel

[ 2016-07-21T18:39:08+08:00 ] ::1 /thinkcmfx/index.php?g=Admin&m=Main&a=index
NOTIC: D方法实例化没找到模型类Product\Model\PluginProductItemModel
ERR: 模板不存在:admin/themes/simplebootx/Admin/productEL.html

[ 2016-07-21T18:41:47+08:00 ] ::1 /thinkcmfx/index.php?g=Admin&m=Main&a=index
NOTIC: D方法实例化没找到模型类Product\Model\PluginProductItemModel
ERR: 模板不存在:admin/themes/simplebootx/Admin/AdminIndex/productEL.html

[ 2016-07-21T18:41:59+08:00 ] ::1 /thinkcmfx/index.php?g=Admin&m=Main&a=index
NOTIC: D方法实例化没找到模型类Product\Model\PluginProductItemModel
ERR: 模板不存在:admin/themes/simplebootx/Admin/Product/AdminIndex/productEL.html

[ 2016-07-21T18:42:57+08:00 ] ::1 /thinkcmfx/index.php?g=Admin&m=Main&a=index
NOTIC: D方法实例化没找到模型类Product\Model\PluginProductItemModel
ERR: 模板不存在:admin/themes/simplebootx/Admin/productEL.html

[ 2016-07-21T18:44:54+08:00 ] ::1 /thinkcmfx/index.php?g=Admin&m=Main&a=index
NOTIC: D方法实例化没找到模型类Product\Model\PluginProductItemModel
ERR: 模板不存在:admin/themes/simplebootx/Admin/productEL.html

