[ 2016-07-19T10:52:44+08:00 ] ::1 /thinkcmfx/index.php?g=user&m=index&a=is_login
INFO: [ app_begin ] --START--
INFO: Run Behavior\ReadHtmlCacheBehavior [ RunTime:0.000586s ]
INFO: Run Behavior\CheckLangBehavior [ RunTime:0.001310s ]
INFO: [ app_begin ] --END-- [ RunTime:0.002643s ]
NOTIC: [8] Undefined index: url F:\hechao\wampp\wamp\www\ThinkCMFX\application\Common\Controller\AppframeController.class.php 第 24 行.

[ 2016-07-19T11:08:22+08:00 ] ::1 /thinkcmfx/index.php?g=user&m=index&a=is_login
INFO: [ app_begin ] --START--
INFO: Run Behavior\ReadHtmlCacheBehavior [ RunTime:0.000601s ]
INFO: Run Behavior\CheckLangBehavior [ RunTime:0.000983s ]
INFO: [ app_begin ] --END-- [ RunTime:0.002233s ]
NOTIC: [8] Undefined index: url F:\hechao\wampp\wamp\www\ThinkCMFX\application\Common\Controller\AppframeController.class.php 第 24 行.

[ 2016-07-19T11:08:35+08:00 ] ::1 /thinkcmfx/index.php?g=user&m=index&a=is_login
INFO: [ app_begin ] --START--
INFO: Run Behavior\ReadHtmlCacheBehavior [ RunTime:0.001527s ]
INFO: Run Behavior\CheckLangBehavior [ RunTime:0.001457s ]
INFO: [ app_begin ] --END-- [ RunTime:0.003912s ]
NOTIC: [8] Undefined index: url F:\hechao\wampp\wamp\www\ThinkCMFX\application\Common\Controller\AppframeController.class.php 第 24 行.

[ 2016-07-19T11:39:53+08:00 ] ::1 /thinkcmfx/index.php?g=user&m=index&a=is_login
INFO: [ app_begin ] --START--
INFO: Run Behavior\ReadHtmlCacheBehavior [ RunTime:0.000764s ]
INFO: Run Behavior\CheckLangBehavior [ RunTime:0.001900s ]
INFO: [ app_begin ] --END-- [ RunTime:0.003596s ]
NOTIC: [8] Undefined index: url F:\hechao\wampp\wamp\www\ThinkCMFX\application\Common\Controller\AppframeController.class.php 第 24 行.

[ 2016-07-19T13:02:50+08:00 ] ::1 /thinkcmfx/index.php?g=user&m=index&a=is_login
INFO: [ app_begin ] --START--
INFO: Run Behavior\ReadHtmlCacheBehavior [ RunTime:0.000489s ]
INFO: Run Behavior\CheckLangBehavior [ RunTime:0.000962s ]
INFO: [ app_begin ] --END-- [ RunTime:0.002108s ]
NOTIC: [8] Undefined index: url F:\hechao\wampp\wamp\www\ThinkCMFX\application\Common\Controller\AppframeController.class.php 第 24 行.

[ 2016-07-19T13:21:09+08:00 ] ::1 /thinkcmfx/index.php?g=user&m=index&a=is_login
INFO: [ app_begin ] --START--
INFO: Run Behavior\ReadHtmlCacheBehavior [ RunTime:0.000635s ]
INFO: Run Behavior\CheckLangBehavior [ RunTime:0.001159s ]
INFO: [ app_begin ] --END-- [ RunTime:0.002544s ]
NOTIC: [8] Undefined index: url F:\hechao\wampp\wamp\www\ThinkCMFX\application\Common\Controller\AppframeController.class.php 第 24 行.

[ 2016-07-19T13:26:19+08:00 ] ::1 /thinkcmfx/index.php?g=user&m=index&a=is_login
INFO: [ app_begin ] --START--
INFO: Run Behavior\ReadHtmlCacheBehavior [ RunTime:0.000634s ]
INFO: Run Behavior\CheckLangBehavior [ RunTime:0.000972s ]
INFO: [ app_begin ] --END-- [ RunTime:0.002268s ]
NOTIC: [8] Undefined index: url F:\hechao\wampp\wamp\www\ThinkCMFX\application\Common\Controller\AppframeController.class.php 第 24 行.

[ 2016-07-19T13:40:53+08:00 ] ::1 /thinkcmfx/index.php?g=user&m=index&a=is_login
INFO: [ app_begin ] --START--
INFO: Run Behavior\ReadHtmlCacheBehavior [ RunTime:0.000468s ]
INFO: Run Behavior\CheckLangBehavior [ RunTime:0.000683s ]
INFO: [ app_begin ] --END-- [ RunTime:0.001601s ]
NOTIC: [8] Undefined index: url F:\hechao\wampp\wamp\www\ThinkCMFX\application\Common\Controller\AppframeController.class.php 第 24 行.

[ 2016-07-19T13:48:32+08:00 ] ::1 /thinkcmfx/index.php?g=user&m=index&a=is_login
INFO: [ app_begin ] --START--
INFO: Run Behavior\ReadHtmlCacheBehavior [ RunTime:0.000856s ]
INFO: Run Behavior\CheckLangBehavior [ RunTime:0.001185s ]
INFO: [ app_begin ] --END-- [ RunTime:0.002836s ]
NOTIC: [8] Undefined index: url F:\hechao\wampp\wamp\www\ThinkCMFX\application\Common\Controller\AppframeController.class.php 第 24 行.

[ 2016-07-19T13:48:40+08:00 ] ::1 /thinkcmfx/index.php?g=user&m=index&a=is_login
INFO: [ app_begin ] --START--
INFO: Run Behavior\ReadHtmlCacheBehavior [ RunTime:0.000624s ]
INFO: Run Behavior\CheckLangBehavior [ RunTime:0.000985s ]
INFO: [ app_begin ] --END-- [ RunTime:0.002326s ]
NOTIC: [8] Undefined index: url F:\hechao\wampp\wamp\www\ThinkCMFX\application\Common\Controller\AppframeController.class.php 第 24 行.

[ 2016-07-19T13:52:44+08:00 ] ::1 /thinkcmfx/index.php?g=user&m=index&a=is_login
INFO: [ app_begin ] --START--
INFO: Run Behavior\ReadHtmlCacheBehavior [ RunTime:0.000558s ]
INFO: Run Behavior\CheckLangBehavior [ RunTime:0.000881s ]
INFO: [ app_begin ] --END-- [ RunTime:0.002145s ]
NOTIC: [8] Undefined index: url F:\hechao\wampp\wamp\www\ThinkCMFX\application\Common\Controller\AppframeController.class.php 第 24 行.

[ 2016-07-19T14:03:26+08:00 ] ::1 /thinkcmfx/index.php?g=user&m=index&a=is_login
INFO: [ app_begin ] --START--
INFO: Run Behavior\ReadHtmlCacheBehavior [ RunTime:0.000508s ]
INFO: Run Behavior\CheckLangBehavior [ RunTime:0.000788s ]
INFO: [ app_begin ] --END-- [ RunTime:0.001869s ]
NOTIC: [8] Undefined index: url F:\hechao\wampp\wamp\www\ThinkCMFX\application\Common\Controller\AppframeController.class.php 第 24 行.

[ 2016-07-19T14:07:32+08:00 ] ::1 /thinkcmfx/index.php?g=user&m=index&a=is_login
INFO: [ app_begin ] --START--
INFO: Run Behavior\ReadHtmlCacheBehavior [ RunTime:0.000559s ]
INFO: Run Behavior\CheckLangBehavior [ RunTime:0.000983s ]
INFO: [ app_begin ] --END-- [ RunTime:0.002673s ]
NOTIC: [8] Undefined index: url F:\hechao\wampp\wamp\www\ThinkCMFX\application\Common\Controller\AppframeController.class.php 第 24 行.

[ 2016-07-19T14:07:46+08:00 ] ::1 /thinkcmfx/index.php?g=user&m=index&a=is_login
INFO: [ app_begin ] --START--
INFO: Run Behavior\ReadHtmlCacheBehavior [ RunTime:0.000537s ]
INFO: Run Behavior\CheckLangBehavior [ RunTime:0.000852s ]
INFO: [ app_begin ] --END-- [ RunTime:0.002036s ]
NOTIC: [8] Undefined index: url F:\hechao\wampp\wamp\www\ThinkCMFX\application\Common\Controller\AppframeController.class.php 第 24 行.

[ 2016-07-19T14:21:06+08:00 ] ::1 /thinkcmfx/index.php?g=user&m=index&a=is_login
INFO: [ app_begin ] --START--
INFO: Run Behavior\ReadHtmlCacheBehavior [ RunTime:0.000352s ]
INFO: Run Behavior\CheckLangBehavior [ RunTime:0.000534s ]
INFO: [ app_begin ] --END-- [ RunTime:0.001267s ]
NOTIC: [8] Undefined index: url F:\hechao\wampp\wamp\www\ThinkCMFX\application\Common\Controller\AppframeController.class.php 第 24 行.

