[ 2016-07-22T15:32:54+08:00 ] ::1 /thinkcmfx/index.php?g=user&m=index&a=is_login
INFO: [ app_begin ] --START--
INFO: Run Behavior\ReadHtmlCacheBehavior [ RunTime:0.000704s ]
INFO: Run Behavior\CheckLangBehavior [ RunTime:0.001153s ]
INFO: [ app_begin ] --END-- [ RunTime:0.002663s ]
NOTIC: [8] Undefined index: url F:\hechao\wampp\wamp\www\ThinkCMFX\application\Common\Controller\AppframeController.class.php 第 24 行.

[ 2016-07-22T15:33:24+08:00 ] ::1 /thinkcmfx/index.php?g=user&m=index&a=is_login
INFO: [ app_begin ] --START--
INFO: Run Behavior\ReadHtmlCacheBehavior [ RunTime:0.000463s ]
INFO: Run Behavior\CheckLangBehavior [ RunTime:0.000757s ]
INFO: [ app_begin ] --END-- [ RunTime:0.001731s ]
NOTIC: [8] Undefined index: url F:\hechao\wampp\wamp\www\ThinkCMFX\application\Common\Controller\AppframeController.class.php 第 24 行.

[ 2016-07-22T15:33:31+08:00 ] ::1 /thinkcmfx/index.php?g=user&m=index&a=is_login
INFO: [ app_begin ] --START--
INFO: Run Behavior\ReadHtmlCacheBehavior [ RunTime:0.000865s ]
INFO: Run Behavior\CheckLangBehavior [ RunTime:0.001243s ]
INFO: [ app_begin ] --END-- [ RunTime:0.002824s ]
NOTIC: [8] Undefined index: url F:\hechao\wampp\wamp\www\ThinkCMFX\application\Common\Controller\AppframeController.class.php 第 24 行.

[ 2016-07-22T15:33:33+08:00 ] ::1 /thinkcmfx/index.php?g=user&m=index&a=is_login
INFO: [ app_begin ] --START--
INFO: Run Behavior\ReadHtmlCacheBehavior [ RunTime:0.000519s ]
INFO: Run Behavior\CheckLangBehavior [ RunTime:0.000915s ]
INFO: [ app_begin ] --END-- [ RunTime:0.001991s ]
NOTIC: [8] Undefined index: url F:\hechao\wampp\wamp\www\ThinkCMFX\application\Common\Controller\AppframeController.class.php 第 24 行.

[ 2016-07-22T15:33:53+08:00 ] ::1 /thinkcmfx/index.php?g=user&m=index&a=is_login
INFO: [ app_begin ] --START--
INFO: Run Behavior\ReadHtmlCacheBehavior [ RunTime:0.000801s ]
INFO: Run Behavior\CheckLangBehavior [ RunTime:0.001310s ]
INFO: [ app_begin ] --END-- [ RunTime:0.003548s ]
NOTIC: [8] Undefined index: url F:\hechao\wampp\wamp\www\ThinkCMFX\application\Common\Controller\AppframeController.class.php 第 24 行.

[ 2016-07-22T15:34:33+08:00 ] ::1 /thinkcmfx/index.php?g=user&m=index&a=is_login
INFO: [ app_begin ] --START--
INFO: Run Behavior\ReadHtmlCacheBehavior [ RunTime:0.000782s ]
INFO: Run Behavior\CheckLangBehavior [ RunTime:0.001259s ]
INFO: [ app_begin ] --END-- [ RunTime:0.002904s ]
NOTIC: [8] Undefined index: url F:\hechao\wampp\wamp\www\ThinkCMFX\application\Common\Controller\AppframeController.class.php 第 24 行.

[ 2016-07-22T15:36:54+08:00 ] ::1 /thinkcmfx/index.php?g=user&m=index&a=is_login
INFO: [ app_begin ] --START--
INFO: Run Behavior\ReadHtmlCacheBehavior [ RunTime:0.000760s ]
INFO: Run Behavior\CheckLangBehavior [ RunTime:0.001338s ]
INFO: [ app_begin ] --END-- [ RunTime:0.002910s ]
NOTIC: [8] Undefined index: url F:\hechao\wampp\wamp\www\ThinkCMFX\application\Common\Controller\AppframeController.class.php 第 24 行.

[ 2016-07-22T15:54:29+08:00 ] ::1 /thinkcmfx/index.php?g=user&m=index&a=is_login
INFO: [ app_begin ] --START--
INFO: Run Behavior\ReadHtmlCacheBehavior [ RunTime:0.000484s ]
INFO: Run Behavior\CheckLangBehavior [ RunTime:0.000822s ]
INFO: [ app_begin ] --END-- [ RunTime:0.001811s ]
NOTIC: [8] Undefined index: url F:\hechao\wampp\wamp\www\ThinkCMFX\application\Common\Controller\AppframeController.class.php 第 24 行.

[ 2016-07-22T15:54:34+08:00 ] ::1 /thinkcmfx/index.php?g=user&m=index&a=is_login
INFO: [ app_begin ] --START--
INFO: Run Behavior\ReadHtmlCacheBehavior [ RunTime:0.000531s ]
INFO: Run Behavior\CheckLangBehavior [ RunTime:0.000979s ]
INFO: [ app_begin ] --END-- [ RunTime:0.002078s ]
NOTIC: [8] Undefined index: url F:\hechao\wampp\wamp\www\ThinkCMFX\application\Common\Controller\AppframeController.class.php 第 24 行.

[ 2016-07-22T16:02:44+08:00 ] ::1 /thinkcmfx/index.php?g=user&m=index&a=is_login
INFO: [ app_begin ] --START--
INFO: Run Behavior\ReadHtmlCacheBehavior [ RunTime:0.000687s ]
INFO: Run Behavior\CheckLangBehavior [ RunTime:0.001332s ]
INFO: [ app_begin ] --END-- [ RunTime:0.002860s ]
NOTIC: [8] Undefined index: url F:\hechao\wampp\wamp\www\ThinkCMFX\application\Common\Controller\AppframeController.class.php 第 24 行.

[ 2016-07-22T16:02:45+08:00 ] ::1 /thinkcmfx/index.php?g=user&m=index&a=is_login
INFO: [ app_begin ] --START--
INFO: Run Behavior\ReadHtmlCacheBehavior [ RunTime:0.000461s ]
INFO: Run Behavior\CheckLangBehavior [ RunTime:0.000824s ]
INFO: [ app_begin ] --END-- [ RunTime:0.001777s ]
NOTIC: [8] Undefined index: url F:\hechao\wampp\wamp\www\ThinkCMFX\application\Common\Controller\AppframeController.class.php 第 24 行.

