[ 2016-07-18T18:06:36+08:00 ] ::1 /thinkcmfx/index.php?g=Product&m=AdminIndex&a=productE&menuid=167
NOTIC: D方法实例化没找到模型类Product\Model\PluginProductItemModel

[ 2016-07-18T18:07:29+08:00 ] ::1 /thinkcmfx/index.php?g=Product&m=AdminIndex&a=productE&menuid=167
NOTIC: D方法实例化没找到模型类Product\Model\PluginProductItemModel

[ 2016-07-18T18:07:41+08:00 ] ::1 /thinkcmfx/index.php?g=Product&m=AdminIndex&a=productE&menuid=167
NOTIC: D方法实例化没找到模型类Product\Model\PluginProductItemModel

[ 2016-07-18T18:08:47+08:00 ] ::1 /thinkcmfx/index.php?g=Product&m=AdminIndex&a=productE&menuid=167
NOTIC: D方法实例化没找到模型类Product\Model\PluginProductItemModel

[ 2016-07-18T18:12:16+08:00 ] ::1 /thinkcmfx/index.php?g=Product&m=AdminIndex&a=productE&menuid=167
NOTIC: D方法实例化没找到模型类Product\Model\PluginProductItemModel

[ 2016-07-18T18:13:00+08:00 ] ::1 /thinkcmfx/index.php?g=Product&m=AdminIndex&a=productE&menuid=167
NOTIC: D方法实例化没找到模型类Product\Model\PluginProductItemModel

[ 2016-07-18T18:13:02+08:00 ] ::1 /thinkcmfx/index.php?g=Product&m=AdminIndex&a=productW&menuid=166
NOTIC: D方法实例化没找到模型类Product\Model\PluginProductItemModel

[ 2016-07-18T18:13:03+08:00 ] ::1 /thinkcmfx/index.php?g=Product&m=AdminIndex&a=productE&menuid=167
NOTIC: D方法实例化没找到模型类Product\Model\PluginProductItemModel

[ 2016-07-18T18:13:03+08:00 ] ::1 /thinkcmfx/index.php?g=Product&m=AdminIndex&a=productG&menuid=168
NOTIC: D方法实例化没找到模型类Product\Model\PluginProductItemModel

[ 2016-07-18T18:13:04+08:00 ] ::1 /thinkcmfx/index.php?g=Product&m=AdminIndex&a=productC&menuid=169
NOTIC: D方法实例化没找到模型类Product\Model\PluginProductItemModel

[ 2016-07-18T18:13:05+08:00 ] ::1 /thinkcmfx/index.php?g=Product&m=AdminIndex&a=productG&menuid=168
NOTIC: D方法实例化没找到模型类Product\Model\PluginProductItemModel

[ 2016-07-18T18:13:06+08:00 ] ::1 /thinkcmfx/index.php?g=Product&m=AdminIndex&a=productE&menuid=167
NOTIC: D方法实例化没找到模型类Product\Model\PluginProductItemModel

[ 2016-07-18T18:14:03+08:00 ] ::1 /thinkcmfx/index.php?g=Product&m=AdminIndex&a=productE&menuid=167
NOTIC: D方法实例化没找到模型类Product\Model\PluginProductItemModel

[ 2016-07-18T18:14:04+08:00 ] ::1 /thinkcmfx/index.php?g=Product&m=AdminIndex&a=productE&menuid=167
NOTIC: D方法实例化没找到模型类Product\Model\PluginProductItemModel

[ 2016-07-18T18:14:05+08:00 ] ::1 /thinkcmfx/index.php?g=Product&m=AdminIndex&a=productE&menuid=167
NOTIC: D方法实例化没找到模型类Product\Model\PluginProductItemModel

[ 2016-07-18T18:14:06+08:00 ] ::1 /thinkcmfx/index.php?g=Product&m=AdminIndex&a=productE&menuid=167
NOTIC: D方法实例化没找到模型类Product\Model\PluginProductItemModel

[ 2016-07-18T18:14:14+08:00 ] ::1 /thinkcmfx/index.php?g=Product&m=AdminIndex&a=productE&menuid=167
NOTIC: D方法实例化没找到模型类Product\Model\PluginProductItemModel

[ 2016-07-18T18:14:51+08:00 ] ::1 /thinkcmfx/index.php?g=Product&m=AdminIndex&a=productE&menuid=167
NOTIC: D方法实例化没找到模型类Product\Model\PluginProductItemModel

[ 2016-07-18T18:17:29+08:00 ] ::1 /thinkcmfx/index.php?g=Product&m=AdminIndex&a=productE&menuid=167
NOTIC: D方法实例化没找到模型类Product\Model\PluginProductItemModel

[ 2016-07-18T18:17:30+08:00 ] ::1 /thinkcmfx/index.php?g=Product&m=AdminIndex&a=productE&menuid=167
NOTIC: D方法实例化没找到模型类Product\Model\PluginProductItemModel

[ 2016-07-18T18:17:31+08:00 ] ::1 /thinkcmfx/index.php?g=Product&m=AdminIndex&a=productE&menuid=167
NOTIC: D方法实例化没找到模型类Product\Model\PluginProductItemModel

