[ 2016-07-29T09:42:55+08:00 ] ::1 /thinkcmfx/?g=product&m=index&a=product
NOTIC: D方法实例化没找到模型类Product\Model\PluginProductItemModel

[ 2016-07-29T09:43:13+08:00 ] ::1 /thinkcmfx/index.php?g=product&m=index&a=product
NOTIC: D方法实例化没找到模型类Product\Model\PluginProductItemModel

[ 2016-07-29T09:43:41+08:00 ] ::1 /thinkcmfx/index.php?g=product&m=index&a=product
NOTIC: D方法实例化没找到模型类Product\Model\PluginProductItemModel

[ 2016-07-29T09:44:12+08:00 ] ::1 /thinkcmfx/index.php?g=product&m=index&a=getdata
NOTIC: D方法实例化没找到模型类Product\Model\PluginProductItemModel
ERR: 参数错误或者未定义:categoryId

[ 2016-07-29T09:44:25+08:00 ] ::1 /thinkcmfx/index.php?g=product&m=index&a=getdata&categpryId=3
NOTIC: D方法实例化没找到模型类Product\Model\PluginProductItemModel
ERR: 参数错误或者未定义:categoryId

[ 2016-07-29T09:44:34+08:00 ] ::1 /thinkcmfx/index.php?g=product&m=index&a=getdata&categoryId=3
NOTIC: D方法实例化没找到模型类Product\Model\PluginProductItemModel

[ 2016-07-29T09:54:41+08:00 ] ::1 /thinkcmfx/index.php?g=product&m=index&a=getnum
NOTIC: D方法实例化没找到模型类Product\Model\PluginProductItemModel

[ 2016-07-29T09:57:27+08:00 ] ::1 /thinkcmfx/index.php?g=product&m=index&a=getnum
NOTIC: D方法实例化没找到模型类Product\Model\PluginProductItemModel
ERR: 模板不存在:themes/simplebootx/Product/getdata.html

[ 2016-07-29T09:57:42+08:00 ] ::1 /thinkcmfx/index.php?g=product&m=index&a=getnum
NOTIC: D方法实例化没找到模型类Product\Model\PluginProductItemModel
ERR: 模板不存在:themes/simplebootx/Productindex/getdata.html

[ 2016-07-29T09:58:46+08:00 ] ::1 /thinkcmfx/index.php?g=product&m=index&a=getnum
NOTIC: D方法实例化没找到模型类Product\Model\PluginProductItemModel
ERR: 模板不存在:themes/simplebootx/Product/thinkcmfx/index.php?g=Product&m=index&a=getdata.html

[ 2016-07-29T09:59:18+08:00 ] ::1 /thinkcmfx/index.php?g=product&m=index&a=getnum
NOTIC: D方法实例化没找到模型类Product\Model\PluginProductItemModel
ERR: 模板不存在:themes/simplebootx/Product/getdata.html

[ 2016-07-29T09:59:31+08:00 ] ::1 /thinkcmfx/index.php?g=product&m=index&a=getnum
NOTIC: D方法实例化没找到模型类Product\Model\PluginProductItemModel

[ 2016-07-29T10:00:34+08:00 ] ::1 /thinkcmfx/index.php?g=product&m=index&a=getnum
NOTIC: D方法实例化没找到模型类Product\Model\PluginProductItemModel

[ 2016-07-29T10:02:22+08:00 ] ::1 /thinkcmfx/index.php?g=product&m=index&a=getnum
NOTIC: D方法实例化没找到模型类Product\Model\PluginProductItemModel
ERR: 模板不存在:themes/simplebootx/ProductNews/Index/news.html

[ 2016-07-29T10:02:48+08:00 ] ::1 /thinkcmfx/index.php?g=product&m=index&a=getnum
NOTIC: D方法实例化没找到模型类Product\Model\PluginProductItemModel
ERR: 模板不存在:themes/simplebootx/Product/thinkcmfx/index.php?g=News&m=Index&a=news.html

[ 2016-07-29T10:04:25+08:00 ] ::1 /thinkcmfx/index.php?g=product&m=index&a=getnum
NOTIC: D方法实例化没找到模型类Product\Model\PluginProductItemModel
ERR: 模板不存在:themes/simplebootx/ProductNews/index/getNews.html

[ 2016-07-29T10:34:28+08:00 ] ::1 /thinkcmfx/index.php?g=product&m=index&a=getnum
NOTIC: D方法实例化没找到模型类Product\Model\PluginProductItemModel

[ 2016-07-29T10:35:04+08:00 ] ::1 /thinkcmfx/index.php?g=product&m=index&a=getnum
NOTIC: D方法实例化没找到模型类Product\Model\PluginProductItemModel

[ 2016-07-29T10:36:33+08:00 ] ::1 /thinkcmfx/index.php?g=product&m=index&a=getnum
NOTIC: D方法实例化没找到模型类Product\Model\PluginProductItemModel

[ 2016-07-29T10:36:58+08:00 ] ::1 /thinkcmfx/index.php?g=product&m=index&a=getnum
NOTIC: D方法实例化没找到模型类Product\Model\PluginProductItemModel

[ 2016-07-29T10:37:27+08:00 ] ::1 /thinkcmfx/index.php?g=product&m=index&a=getnum
NOTIC: D方法实例化没找到模型类Product\Model\PluginProductItemModel

[ 2016-07-29T10:37:31+08:00 ] ::1 /thinkcmfx/index.php?g=Product&m=index&a=getdata
NOTIC: D方法实例化没找到模型类Product\Model\PluginProductItemModel
ERR: 参数错误或者未定义:categoryId

[ 2016-07-29T10:38:41+08:00 ] ::1 /thinkcmfx/index.php?g=Product&m=index&a=getnum
NOTIC: D方法实例化没找到模型类Product\Model\PluginProductItemModel

[ 2016-07-29T10:38:44+08:00 ] ::1 /thinkcmfx/index.php?g=Product&m=index&a=getdata&categoryId=3
NOTIC: D方法实例化没找到模型类Product\Model\PluginProductItemModel

[ 2016-07-29T10:40:08+08:00 ] ::1 /thinkcmfx/index.php?g=Product&m=index&a=num
NOTIC: D方法实例化没找到模型类Product\Model\PluginProductItemModel

[ 2016-07-29T10:40:16+08:00 ] ::1 /thinkcmfx/index.php?g=Product&m=index&a=getnum
NOTIC: D方法实例化没找到模型类Product\Model\PluginProductItemModel

[ 2016-07-29T10:45:42+08:00 ] ::1 /thinkcmfx/index.php?g=Product&m=index&a=getnum
NOTIC: D方法实例化没找到模型类Product\Model\PluginProductItemModel

[ 2016-07-29T10:46:22+08:00 ] ::1 /thinkcmfx/index.php?g=Product&m=index&a=getnum
NOTIC: D方法实例化没找到模型类Product\Model\PluginProductItemModel

[ 2016-07-29T10:46:28+08:00 ] ::1 /thinkcmfx/index.php?g=Product&m=index&a=getnum
NOTIC: D方法实例化没找到模型类Product\Model\PluginProductItemModel

[ 2016-07-29T10:48:27+08:00 ] ::1 /thinkcmfx/index.php?g=Product&m=index&a=getnum
NOTIC: D方法实例化没找到模型类Product\Model\PluginProductItemModel

[ 2016-07-29T10:48:47+08:00 ] ::1 /thinkcmfx/index.php?g=Product&m=index&a=getnum
NOTIC: D方法实例化没找到模型类Product\Model\PluginProductItemModel

[ 2016-07-29T10:48:49+08:00 ] ::1 /thinkcmfx/index.php?g=Product&m=index&a=getnum
NOTIC: D方法实例化没找到模型类Product\Model\PluginProductItemModel

[ 2016-07-29T10:48:56+08:00 ] ::1 /thinkcmfx/index.php?g=Product&m=index&a=getnum
NOTIC: D方法实例化没找到模型类Product\Model\PluginProductItemModel

[ 2016-07-29T10:48:57+08:00 ] ::1 /thinkcmfx/index.php?g=Product&m=index&a=getnum
NOTIC: D方法实例化没找到模型类Product\Model\PluginProductItemModel

[ 2016-07-29T10:49:21+08:00 ] ::1 /thinkcmfx/index.php?g=Product&m=index&a=getnum
NOTIC: D方法实例化没找到模型类Product\Model\PluginProductItemModel

[ 2016-07-29T10:50:05+08:00 ] ::1 /thinkcmfx/index.php?g=Product&m=index&a=getnum
NOTIC: D方法实例化没找到模型类Product\Model\PluginProductItemModel

[ 2016-07-29T10:50:37+08:00 ] ::1 /thinkcmfx/index.php?g=Product&m=index&a=getnum
NOTIC: D方法实例化没找到模型类Product\Model\PluginProductItemModel

[ 2016-07-29T10:50:45+08:00 ] ::1 /thinkcmfx/index.php?g=Product&m=index&a=getnum
NOTIC: D方法实例化没找到模型类Product\Model\PluginProductItemModel

[ 2016-07-29T10:50:51+08:00 ] ::1 /thinkcmfx/index.php?g=Product&m=index&a=getnum
NOTIC: D方法实例化没找到模型类Product\Model\PluginProductItemModel

[ 2016-07-29T10:50:57+08:00 ] ::1 /thinkcmfx/index.php?g=Product&m=index&a=getnum
NOTIC: D方法实例化没找到模型类Product\Model\PluginProductItemModel

[ 2016-07-29T10:51:00+08:00 ] ::1 /thinkcmfx/index.php?g=Product&m=index&a=getdata&categoryId=3
NOTIC: D方法实例化没找到模型类Product\Model\PluginProductItemModel

[ 2016-07-29T10:51:12+08:00 ] ::1 /thinkcmfx/index.php?g=Product&m=index&a=getdata&categoryId=3
NOTIC: D方法实例化没找到模型类Product\Model\PluginProductItemModel

[ 2016-07-29T10:51:15+08:00 ] ::1 /thinkcmfx/index.php?g=Product&m=index&a=getnum
NOTIC: D方法实例化没找到模型类Product\Model\PluginProductItemModel

[ 2016-07-29T10:51:16+08:00 ] ::1 /thinkcmfx/index.php?g=Product&m=index&a=getdata&categoryId=3
NOTIC: D方法实例化没找到模型类Product\Model\PluginProductItemModel

[ 2016-07-29T10:51:22+08:00 ] ::1 /thinkcmfx/index.php?g=Product&m=index&a=getdata&categoryId=3
NOTIC: D方法实例化没找到模型类Product\Model\PluginProductItemModel

[ 2016-07-29T10:51:25+08:00 ] ::1 /thinkcmfx/index.php?g=Product&m=index&a=getdata&categoryId=3
NOTIC: D方法实例化没找到模型类Product\Model\PluginProductItemModel

[ 2016-07-29T10:51:28+08:00 ] ::1 /thinkcmfx/index.php?g=Product&m=index&a=getdata&categoryId=3
NOTIC: D方法实例化没找到模型类Product\Model\PluginProductItemModel

[ 2016-07-29T10:51:30+08:00 ] ::1 /thinkcmfx/index.php?g=Product&m=index&a=getnum
NOTIC: D方法实例化没找到模型类Product\Model\PluginProductItemModel

[ 2016-07-29T10:51:32+08:00 ] ::1 /thinkcmfx/index.php?g=Product&m=index&a=getdata&categoryId=3
NOTIC: D方法实例化没找到模型类Product\Model\PluginProductItemModel

[ 2016-07-29T10:51:36+08:00 ] ::1 /thinkcmfx/index.php?g=Product&m=index&a=getnum
NOTIC: D方法实例化没找到模型类Product\Model\PluginProductItemModel

[ 2016-07-29T10:51:37+08:00 ] ::1 /thinkcmfx/index.php?g=Product&m=index&a=getdata&categoryId=3
NOTIC: D方法实例化没找到模型类Product\Model\PluginProductItemModel

[ 2016-07-29T10:54:30+08:00 ] ::1 /thinkcmfx/index.php?g=Product&m=index&a=getnum
NOTIC: D方法实例化没找到模型类Product\Model\PluginProductItemModel

[ 2016-07-29T10:54:31+08:00 ] ::1 /thinkcmfx/index.php?g=Product&m=index&a=getdata&categoryId=3
NOTIC: D方法实例化没找到模型类Product\Model\PluginProductItemModel

[ 2016-07-29T10:54:46+08:00 ] ::1 /thinkcmfx/index.php?g=Product&m=index&a=getdata&categoryId=3
NOTIC: D方法实例化没找到模型类Product\Model\PluginProductItemModel

[ 2016-07-29T10:54:50+08:00 ] ::1 /thinkcmfx/index.php?g=Product&m=index&a=getnum
NOTIC: D方法实例化没找到模型类Product\Model\PluginProductItemModel

[ 2016-07-29T10:54:51+08:00 ] ::1 /thinkcmfx/index.php?g=Product&m=index&a=getdata&categoryId=3
NOTIC: D方法实例化没找到模型类Product\Model\PluginProductItemModel

[ 2016-07-29T10:55:02+08:00 ] ::1 /thinkcmfx/index.php?g=Product&m=index&a=getnum
NOTIC: D方法实例化没找到模型类Product\Model\PluginProductItemModel

[ 2016-07-29T10:55:06+08:00 ] ::1 /thinkcmfx/index.php?g=Product&m=index&a=getdata&categoryId=3
NOTIC: D方法实例化没找到模型类Product\Model\PluginProductItemModel

[ 2016-07-29T10:55:11+08:00 ] ::1 /thinkcmfx/index.php?g=Product&m=index&a=getdata&categoryId=3
NOTIC: D方法实例化没找到模型类Product\Model\PluginProductItemModel

[ 2016-07-29T10:55:13+08:00 ] ::1 /thinkcmfx/index.php?g=Product&m=index&a=getnum
NOTIC: D方法实例化没找到模型类Product\Model\PluginProductItemModel

[ 2016-07-29T10:55:14+08:00 ] ::1 /thinkcmfx/index.php?g=Product&m=index&a=getdata&categoryId=3
NOTIC: D方法实例化没找到模型类Product\Model\PluginProductItemModel

[ 2016-07-29T10:55:42+08:00 ] ::1 /thinkcmfx/index.php?g=Product&m=index&a=getnum
NOTIC: D方法实例化没找到模型类Product\Model\PluginProductItemModel

[ 2016-07-29T10:55:42+08:00 ] ::1 /thinkcmfx/index.php?g=&&g=Product&m=index&a=getdata&categoryId=3
NOTIC: D方法实例化没找到模型类Product\Model\PluginProductItemModel

[ 2016-07-29T10:59:21+08:00 ] ::1 /thinkcmfx/index.php?g=&&g=Product&m=index&a=getnum
NOTIC: D方法实例化没找到模型类Product\Model\PluginProductItemModel

[ 2016-07-29T11:01:04+08:00 ] ::1 /thinkcmfx/index.php?g=product&m=index&a=getnum
NOTIC: D方法实例化没找到模型类Product\Model\PluginProductItemModel

[ 2016-07-29T11:01:25+08:00 ] ::1 /thinkcmfx/index.php?g=Product&m=index&a=getnum
NOTIC: D方法实例化没找到模型类Product\Model\PluginProductItemModel

[ 2016-07-29T11:01:31+08:00 ] ::1 /thinkcmfx/index.php?g=Product&m=index&a=getnum
NOTIC: D方法实例化没找到模型类Product\Model\PluginProductItemModel

[ 2016-07-29T11:01:39+08:00 ] ::1 /thinkcmfx/index.php?g=Product&m=index&a=getnum
NOTIC: D方法实例化没找到模型类Product\Model\PluginProductItemModel

[ 2016-07-29T11:02:43+08:00 ] ::1 /thinkcmfx/index.php?g=Product&m=index&a=getnum
NOTIC: D方法实例化没找到模型类Product\Model\PluginProductItemModel

[ 2016-07-29T11:03:28+08:00 ] ::1 /thinkcmfx/index.php?g=Product&m=index&a=getnum
NOTIC: D方法实例化没找到模型类Product\Model\PluginProductItemModel

[ 2016-07-29T11:03:43+08:00 ] ::1 /thinkcmfx/index.php?g=Product&m=index&a=getnum
NOTIC: D方法实例化没找到模型类Product\Model\PluginProductItemModel

[ 2016-07-29T11:03:56+08:00 ] ::1 /thinkcmfx/index.php?g=Product&m=index&a=getnum
NOTIC: D方法实例化没找到模型类Product\Model\PluginProductItemModel

[ 2016-07-29T11:04:14+08:00 ] ::1 /thinkcmfx/index.php?g=Product&m=index&a=getnum
NOTIC: D方法实例化没找到模型类Product\Model\PluginProductItemModel

[ 2016-07-29T11:07:14+08:00 ] ::1 /thinkcmfx/index.php?g=Product&m=index&a=getnum
NOTIC: D方法实例化没找到模型类Product\Model\PluginProductItemModel

[ 2016-07-29T11:24:54+08:00 ] ::1 /thinkcmfx/index.php?g=Product&m=adminindex&a=productE
ERR: 无法加载控制器:Adminindex

[ 2016-07-29T11:25:02+08:00 ] ::1 /thinkcmfx/index.php?g=Product&m=adminindex&a=productE
ERR: 无法加载控制器:Adminindex

[ 2016-07-29T11:25:57+08:00 ] ::1 /thinkcmfx/index.php?g=Product&m=index&a=getnum
NOTIC: D方法实例化没找到模型类Product\Model\PluginProductItemModel

[ 2016-07-29T11:26:06+08:00 ] ::1 /thinkcmfx/index.php?g=Product&m=index&a=getnum
NOTIC: D方法实例化没找到模型类Product\Model\PluginProductItemModel

[ 2016-07-29T11:26:08+08:00 ] ::1 /thinkcmfx/index.php?g=Product&m=index&a=getnum
NOTIC: D方法实例化没找到模型类Product\Model\PluginProductItemModel

[ 2016-07-29T11:27:35+08:00 ] ::1 /thinkcmfx/index.php?g=Product&m=index&a=test
NOTIC: D方法实例化没找到模型类Product\Model\PluginProductItemModel

[ 2016-07-29T11:27:42+08:00 ] ::1 /thinkcmfx/index.php?g=Product&m=index&a=test
NOTIC: D方法实例化没找到模型类Product\Model\PluginProductItemModel

[ 2016-07-29T11:47:31+08:00 ] ::1 /thinkcmfx/index.php?g=Product&m=index&a=testdata
NOTIC: D方法实例化没找到模型类Product\Model\PluginProductItemModel

[ 2016-07-29T11:48:17+08:00 ] ::1 /thinkcmfx/index.php?g=Product&m=index&a=testdata
NOTIC: D方法实例化没找到模型类Product\Model\PluginProductItemModel

[ 2016-07-29T14:01:02+08:00 ] ::1 /thinkcmfx/index.php?g=Product&m=index&a=testdata
NOTIC: D方法实例化没找到模型类Product\Model\PluginProductItemModel

[ 2016-07-29T14:05:22+08:00 ] ::1 /thinkcmfx/index.php?g=Product&m=index&a=testdata
NOTIC: D方法实例化没找到模型类Product\Model\PluginProductItemModel

[ 2016-07-29T14:05:47+08:00 ] ::1 /thinkcmfx/index.php?g=Product&m=index&a=testdata
NOTIC: D方法实例化没找到模型类Product\Model\PluginProductItemModel
ERR: 模板不存在:F:\hechao\wampp\wamp\www\ThinkCMFX/application/Product/View/simplebootx/Index/testdata.html

[ 2016-07-29T14:05:57+08:00 ] ::1 /thinkcmfx/index.php?g=Product&m=index&a=testdata
NOTIC: D方法实例化没找到模型类Product\Model\PluginProductItemModel
ERR: 模板不存在:F:\hechao\wampp\wamp\www\ThinkCMFX/application/Product/View/simplebootx/Index/testdata.html

[ 2016-07-29T14:06:40+08:00 ] ::1 /thinkcmfx/index.php?g=Product&m=index&a=testdata
NOTIC: D方法实例化没找到模型类Product\Model\PluginProductItemModel

[ 2016-07-29T14:07:00+08:00 ] ::1 /thinkcmfx/index.php?g=Product&m=index&a=testdata
NOTIC: D方法实例化没找到模型类Product\Model\PluginProductItemModel
ERR: 模板不存在:F:\hechao\wampp\wamp\www\ThinkCMFX/application/Product/View/simplebootx/Index/testdata.html

[ 2016-07-29T14:09:01+08:00 ] ::1 /thinkcmfx/index.php?g=Product&m=index&a=testdata
NOTIC: D方法实例化没找到模型类Product\Model\PluginProductItemModel

[ 2016-07-29T14:09:32+08:00 ] ::1 /thinkcmfx/index.php?g=Product&m=index&a=testdata
NOTIC: D方法实例化没找到模型类Product\Model\PluginProductItemModel
ERR: 模板不存在:F:\hechao\wampp\wamp\www\ThinkCMFX/application/Product/View/simplebootx/Index/testdata.html

[ 2016-07-29T14:11:42+08:00 ] ::1 /thinkcmfx/index.php?g=Product&m=index&a=testdata
NOTIC: D方法实例化没找到模型类Product\Model\PluginProductItemModel

[ 2016-07-29T14:16:26+08:00 ] ::1 /thinkcmfx/index.php?g=Product&m=index&a=testdata
NOTIC: D方法实例化没找到模型类Product\Model\PluginProductItemModel

[ 2016-07-29T14:18:14+08:00 ] ::1 /thinkcmfx/index.php?g=Product&m=index&a=testdata
NOTIC: D方法实例化没找到模型类Product\Model\PluginProductItemModel
ERR: 1054:Champ 'd' inconnu dans where clause
 [ SQL语句 ] : SELECT * FROM `cmf_plugin_product_item` WHERE (  Id=75 or Title =d ) 

[ 2016-07-29T14:19:39+08:00 ] ::1 /thinkcmfx/index.php?g=Product&m=index&a=testdata
NOTIC: D方法实例化没找到模型类Product\Model\PluginProductItemModel

[ 2016-07-29T14:19:46+08:00 ] ::1 /thinkcmfx/index.php?g=Product&m=index&a=testdata
NOTIC: D方法实例化没找到模型类Product\Model\PluginProductItemModel
ERR: 1054:Champ 'd' inconnu dans where clause
 [ SQL语句 ] : SELECT * FROM `cmf_plugin_product_item` WHERE (  Id=75 or Title =d ) 

[ 2016-07-29T14:19:51+08:00 ] ::1 /thinkcmfx/index.php?g=Product&m=index&a=testdata
NOTIC: D方法实例化没找到模型类Product\Model\PluginProductItemModel
ERR: 1054:Champ 'd' inconnu dans where clause
 [ SQL语句 ] : SELECT * FROM `cmf_plugin_product_item` WHERE (  Id=75 and Title =d ) 

[ 2016-07-29T14:20:27+08:00 ] ::1 /thinkcmfx/index.php?g=Product&m=index&a=testdata
NOTIC: D方法实例化没找到模型类Product\Model\PluginProductItemModel

[ 2016-07-29T14:20:35+08:00 ] ::1 /thinkcmfx/index.php?g=Product&m=index&a=testdata
NOTIC: D方法实例化没找到模型类Product\Model\PluginProductItemModel

[ 2016-07-29T14:24:44+08:00 ] ::1 /thinkcmfx/index.php?g=Product&m=index&a=test
NOTIC: D方法实例化没找到模型类Product\Model\PluginProductItemModel

[ 2016-07-29T14:24:52+08:00 ] ::1 /thinkcmfx/index.php?g=Product&m=index&a=test
NOTIC: D方法实例化没找到模型类Product\Model\PluginProductItemModel

[ 2016-07-29T14:25:00+08:00 ] ::1 /thinkcmfx/index.php?g=Product&m=index&a=test
NOTIC: D方法实例化没找到模型类Product\Model\PluginProductItemModel

[ 2016-07-29T14:25:24+08:00 ] ::1 /thinkcmfx/index.php?g=Product&m=index&a=test
NOTIC: D方法实例化没找到模型类Product\Model\PluginProductItemModel

[ 2016-07-29T14:25:38+08:00 ] ::1 /thinkcmfx/index.php?g=Product&m=index&a=test
NOTIC: D方法实例化没找到模型类Product\Model\PluginProductItemModel

[ 2016-07-29T14:25:50+08:00 ] ::1 /thinkcmfx/index.php?g=Product&m=index&a=test
NOTIC: D方法实例化没找到模型类Product\Model\PluginProductItemModel

[ 2016-07-29T14:26:04+08:00 ] ::1 /thinkcmfx/index.php?g=Product&m=index&a=test
NOTIC: D方法实例化没找到模型类Product\Model\PluginProductItemModel

[ 2016-07-29T14:26:22+08:00 ] ::1 /thinkcmfx/index.php?g=Product&m=index&a=test
NOTIC: D方法实例化没找到模型类Product\Model\PluginProductItemModel

[ 2016-07-29T14:26:33+08:00 ] ::1 /thinkcmfx/index.php?g=Product&m=index&a=test
NOTIC: D方法实例化没找到模型类Product\Model\PluginProductItemModel

[ 2016-07-29T14:26:38+08:00 ] ::1 /thinkcmfx/index.php?g=Product&m=index&a=test
NOTIC: D方法实例化没找到模型类Product\Model\PluginProductItemModel

[ 2016-07-29T14:26:57+08:00 ] ::1 /thinkcmfx/index.php?g=Product&m=index&a=test
NOTIC: D方法实例化没找到模型类Product\Model\PluginProductItemModel

[ 2016-07-29T14:28:12+08:00 ] ::1 /thinkcmfx/index.php?g=Product&m=index&a=test
NOTIC: D方法实例化没找到模型类Product\Model\PluginProductItemModel

[ 2016-07-29T14:28:22+08:00 ] ::1 /thinkcmfx/index.php?g=Product&m=index&a=test
NOTIC: D方法实例化没找到模型类Product\Model\PluginProductItemModel

[ 2016-07-29T14:28:53+08:00 ] ::1 /thinkcmfx/index.php?g=Product&m=index&a=test
NOTIC: D方法实例化没找到模型类Product\Model\PluginProductItemModel

[ 2016-07-29T14:30:48+08:00 ] ::1 /thinkcmfx/index.php?g=Product&m=index&a=testdata
NOTIC: D方法实例化没找到模型类Product\Model\PluginProductItemModel

[ 2016-07-29T14:33:24+08:00 ] ::1 /thinkcmfx/index.php?g=Product&m=index&a=test
NOTIC: D方法实例化没找到模型类Product\Model\PluginProductItemModel

[ 2016-07-29T14:33:32+08:00 ] ::1 /thinkcmfx/index.php?g=Product&m=index&a=test
NOTIC: D方法实例化没找到模型类Product\Model\PluginProductItemModel

[ 2016-07-29T14:33:36+08:00 ] ::1 /thinkcmfx/index.php?g=Product&m=index&a=test
NOTIC: D方法实例化没找到模型类Product\Model\PluginProductItemModel

[ 2016-07-29T14:33:43+08:00 ] ::1 /thinkcmfx/index.php?g=Product&m=index&a=test
NOTIC: D方法实例化没找到模型类Product\Model\PluginProductItemModel

[ 2016-07-29T14:34:04+08:00 ] ::1 /thinkcmfx/index.php?g=Product&m=index&a=test
NOTIC: D方法实例化没找到模型类Product\Model\PluginProductItemModel

[ 2016-07-29T14:34:11+08:00 ] ::1 /thinkcmfx/index.php?g=Product&m=index&a=test
NOTIC: D方法实例化没找到模型类Product\Model\PluginProductItemModel

[ 2016-07-29T14:34:18+08:00 ] ::1 /thinkcmfx/index.php?g=Product&m=index&a=test
NOTIC: D方法实例化没找到模型类Product\Model\PluginProductItemModel

[ 2016-07-29T14:34:28+08:00 ] ::1 /thinkcmfx/index.php?g=Product&m=index&a=test
NOTIC: D方法实例化没找到模型类Product\Model\PluginProductItemModel

[ 2016-07-29T14:34:37+08:00 ] ::1 /thinkcmfx/index.php?g=Product&m=index&a=test
NOTIC: D方法实例化没找到模型类Product\Model\PluginProductItemModel

[ 2016-07-29T14:34:44+08:00 ] ::1 /thinkcmfx/index.php?g=Product&m=index&a=test
NOTIC: D方法实例化没找到模型类Product\Model\PluginProductItemModel

[ 2016-07-29T14:34:53+08:00 ] ::1 /thinkcmfx/index.php?g=Product&m=index&a=test
NOTIC: D方法实例化没找到模型类Product\Model\PluginProductItemModel

[ 2016-07-29T14:45:07+08:00 ] ::1 /thinkcmfx/index.php?g=Product&m=index&a=testdata
NOTIC: D方法实例化没找到模型类Product\Model\PluginProductItemModel

[ 2016-07-29T14:45:19+08:00 ] ::1 /thinkcmfx/index.php?g=Product&m=index&a=testdata
NOTIC: D方法实例化没找到模型类Product\Model\PluginProductItemModel

[ 2016-07-29T14:48:50+08:00 ] ::1 /thinkcmfx/index.php?g=Product&m=index&a=testdata
NOTIC: D方法实例化没找到模型类Product\Model\PluginProductItemModel

[ 2016-07-29T14:53:59+08:00 ] ::1 /thinkcmfx/index.php?g=Product&m=index&a=testdata
NOTIC: D方法实例化没找到模型类Product\Model\PluginProductItemModel

[ 2016-07-29T14:55:58+08:00 ] ::1 /thinkcmfx/index.php?g=Product&m=index&a=testdata
NOTIC: D方法实例化没找到模型类Product\Model\PluginProductItemModel
ERR: 1054:Champ 'p.CategoryId' inconnu dans on clause
 [ SQL语句 ] : SELECT * FROM cmf_plugin_product_category p INNER JOIN cmf_plugin_product_category  c ON c.Id=p.CategoryId  

[ 2016-07-29T14:56:40+08:00 ] ::1 /thinkcmfx/index.php?g=Product&m=index&a=testdata
NOTIC: D方法实例化没找到模型类Product\Model\PluginProductItemModel

[ 2016-07-29T14:57:40+08:00 ] ::1 /thinkcmfx/index.php?g=Product&m=index&a=testdata
NOTIC: D方法实例化没找到模型类Product\Model\PluginProductItemModel

[ 2016-07-29T15:03:02+08:00 ] ::1 /thinkcmfx/index.php?g=Product&m=index&a=testdata
NOTIC: D方法实例化没找到模型类Product\Model\PluginProductItemModel

[ 2016-07-29T15:07:55+08:00 ] ::1 /thinkcmfx/index.php?g=Product&m=index&a=testdata
NOTIC: D方法实例化没找到模型类Product\Model\PluginProductItemModel

[ 2016-07-29T15:32:20+08:00 ] ::1 /thinkcmfx/index.php?g=Product&m=index&a=testdata
NOTIC: D方法实例化没找到模型类Product\Model\PluginProductItemModel

[ 2016-07-29T15:32:33+08:00 ] ::1 /thinkcmfx/index.php?g=Product&m=index&a=testdata
NOTIC: D方法实例化没找到模型类Product\Model\PluginProductItemModel

[ 2016-07-29T15:32:52+08:00 ] ::1 /thinkcmfx/index.php?g=Product&m=index&a=testdata
NOTIC: D方法实例化没找到模型类Product\Model\PluginProductItemModel

[ 2016-07-29T15:44:58+08:00 ] ::1 /thinkcmfx/index.php?g=Product&m=index&a=test
NOTIC: D方法实例化没找到模型类Product\Model\PluginProductItemModel

