[ 2016-07-21T10:51:18+08:00 ] ::1 /thinkcmfx/index.php?g=Product&m=AdminIndex&a=productW&menuid=166
NOTIC: D方法实例化没找到模型类Product\Model\PluginProductItemModel

[ 2016-07-21T10:51:20+08:00 ] ::1 /thinkcmfx/index.php?g=Product&m=AdminIndex&a=productW&menuid=166
NOTIC: D方法实例化没找到模型类Product\Model\PluginProductItemModel

[ 2016-07-21T11:09:49+08:00 ] ::1 /thinkcmfx/index.php?g=Product&m=AdminIndex&a=productW&menuid=166
NOTIC: D方法实例化没找到模型类Product\Model\PluginProductItemModel

[ 2016-07-21T11:17:18+08:00 ] ::1 /thinkcmfx/index.php?g=Product&m=AdminIndex&a=productW&menuid=166
NOTIC: D方法实例化没找到模型类Product\Model\PluginProductItemModel

[ 2016-07-21T11:17:20+08:00 ] ::1 /thinkcmfx/index.php?g=Product&m=AdminIndex&a=edit&id=13&categoryId=4
NOTIC: D方法实例化没找到模型类Product\Model\PluginProductItemModel

[ 2016-07-21T11:18:43+08:00 ] ::1 /thinkcmfx/index.php?g=Product&m=AdminIndex&a=edit&id=13&categoryId=4
NOTIC: D方法实例化没找到模型类Product\Model\PluginProductItemModel

[ 2016-07-21T11:18:45+08:00 ] ::1 /thinkcmfx/index.php?g=Product&m=AdminIndex&a=productW&menuid=166
NOTIC: D方法实例化没找到模型类Product\Model\PluginProductItemModel

[ 2016-07-21T11:18:47+08:00 ] ::1 /thinkcmfx/index.php?g=Product&m=AdminIndex&a=edit&id=13&categoryId=4
NOTIC: D方法实例化没找到模型类Product\Model\PluginProductItemModel

[ 2016-07-21T11:18:50+08:00 ] ::1 /thinkcmfx/index.php?g=Product&m=AdminIndex&a=productW&menuid=166
NOTIC: D方法实例化没找到模型类Product\Model\PluginProductItemModel

[ 2016-07-21T11:18:51+08:00 ] ::1 /thinkcmfx/index.php?g=Product&m=AdminIndex&a=addW
NOTIC: D方法实例化没找到模型类Product\Model\PluginProductItemModel

[ 2016-07-21T11:19:03+08:00 ] ::1 /thinkcmfx/index.php?g=Product&m=AdminIndex&a=addW_post
NOTIC: D方法实例化没找到模型类Product\Model\PluginProductItemModel

[ 2016-07-21T11:19:03+08:00 ] ::1 /thinkcmfx/index.php?g=Product&m=AdminIndex&a=productW
NOTIC: D方法实例化没找到模型类Product\Model\PluginProductItemModel

[ 2016-07-21T11:22:56+08:00 ] ::1 /thinkcmfx/index.php?g=Product&m=AdminIndex&a=productW&menuid=166
NOTIC: D方法实例化没找到模型类Product\Model\PluginProductItemModel

[ 2016-07-21T11:22:57+08:00 ] ::1 /thinkcmfx/index.php?g=Product&m=AdminIndex&a=productE&menuid=167
NOTIC: D方法实例化没找到模型类Product\Model\PluginProductItemModel

[ 2016-07-21T11:23:44+08:00 ] ::1 /thinkcmfx/index.php?g=Product&m=AdminIndex&a=productE&menuid=167
NOTIC: D方法实例化没找到模型类Product\Model\PluginProductItemModel

[ 2016-07-21T11:23:51+08:00 ] ::1 /thinkcmfx/index.php?g=Product&m=AdminIndex&a=productW&menuid=166
NOTIC: D方法实例化没找到模型类Product\Model\PluginProductItemModel

[ 2016-07-21T11:23:52+08:00 ] ::1 /thinkcmfx/index.php?g=Product&m=AdminIndex&a=productE&menuid=167
NOTIC: D方法实例化没找到模型类Product\Model\PluginProductItemModel

[ 2016-07-21T11:23:54+08:00 ] ::1 /thinkcmfx/index.php?g=Product&m=AdminIndex&a=productW&menuid=166
NOTIC: D方法实例化没找到模型类Product\Model\PluginProductItemModel

[ 2016-07-21T11:23:55+08:00 ] ::1 /thinkcmfx/index.php?g=Product&m=AdminIndex&a=addW
NOTIC: D方法实例化没找到模型类Product\Model\PluginProductItemModel

[ 2016-07-21T11:24:04+08:00 ] ::1 /thinkcmfx/index.php?g=Product&m=AdminIndex&a=addW_post
NOTIC: D方法实例化没找到模型类Product\Model\PluginProductItemModel

[ 2016-07-21T11:24:05+08:00 ] ::1 /thinkcmfx/index.php?g=Product&m=AdminIndex&a=productW
NOTIC: D方法实例化没找到模型类Product\Model\PluginProductItemModel

[ 2016-07-21T11:24:13+08:00 ] ::1 /thinkcmfx/index.php?g=Product&m=AdminIndex&a=productW&p=2
NOTIC: D方法实例化没找到模型类Product\Model\PluginProductItemModel

[ 2016-07-21T11:24:16+08:00 ] ::1 /thinkcmfx/index.php?g=Product&m=AdminIndex&a=productW&p=1
NOTIC: D方法实例化没找到模型类Product\Model\PluginProductItemModel

[ 2016-07-21T11:24:23+08:00 ] ::1 /thinkcmfx/index.php?g=Product&m=AdminIndex&a=delete&id=75
NOTIC: D方法实例化没找到模型类Product\Model\PluginProductItemModel

[ 2016-07-21T11:24:23+08:00 ] ::1 /thinkcmfx/index.php?g=Product&m=AdminIndex&a=ProductE
NOTIC: D方法实例化没找到模型类Product\Model\PluginProductItemModel

[ 2016-07-21T11:26:38+08:00 ] ::1 /thinkcmfx/index.php?g=Product&m=AdminIndex&a=productW&menuid=166
NOTIC: D方法实例化没找到模型类Product\Model\PluginProductItemModel

[ 2016-07-21T11:26:42+08:00 ] ::1 /thinkcmfx/index.php?g=Product&m=AdminIndex&a=delete&id=76&categoryId=4
NOTIC: D方法实例化没找到模型类Product\Model\PluginProductItemModel

[ 2016-07-21T11:27:22+08:00 ] ::1 /thinkcmfx/index.php?g=Product&m=AdminIndex&a=productE&menuid=167
NOTIC: D方法实例化没找到模型类Product\Model\PluginProductItemModel

[ 2016-07-21T11:27:24+08:00 ] ::1 /thinkcmfx/index.php?g=Product&m=AdminIndex&a=productW&menuid=166
NOTIC: D方法实例化没找到模型类Product\Model\PluginProductItemModel

[ 2016-07-21T11:27:41+08:00 ] ::1 /thinkcmfx/index.php?g=Product&m=AdminIndex&a=productE&menuid=167
NOTIC: D方法实例化没找到模型类Product\Model\PluginProductItemModel

[ 2016-07-21T11:27:42+08:00 ] ::1 /thinkcmfx/index.php?g=Product&m=AdminIndex&a=productW&menuid=166
NOTIC: D方法实例化没找到模型类Product\Model\PluginProductItemModel

[ 2016-07-21T11:27:45+08:00 ] ::1 /thinkcmfx/index.php?g=Product&m=AdminIndex&a=productW&menuid=166
NOTIC: D方法实例化没找到模型类Product\Model\PluginProductItemModel

[ 2016-07-21T11:27:48+08:00 ] ::1 /thinkcmfx/index.php?g=Product&m=AdminIndex&a=addW
NOTIC: D方法实例化没找到模型类Product\Model\PluginProductItemModel

[ 2016-07-21T11:27:57+08:00 ] ::1 /thinkcmfx/index.php?g=Product&m=AdminIndex&a=addW_post
NOTIC: D方法实例化没找到模型类Product\Model\PluginProductItemModel

[ 2016-07-21T11:27:57+08:00 ] ::1 /thinkcmfx/index.php?g=Product&m=AdminIndex&a=productW
NOTIC: D方法实例化没找到模型类Product\Model\PluginProductItemModel

[ 2016-07-21T11:28:03+08:00 ] ::1 /thinkcmfx/index.php?g=Product&m=AdminIndex&a=delete&id=75&categoryId=4
NOTIC: D方法实例化没找到模型类Product\Model\PluginProductItemModel

[ 2016-07-21T11:28:04+08:00 ] ::1 /thinkcmfx/index.php?g=Product&m=AdminIndex&a=ProductW
NOTIC: D方法实例化没找到模型类Product\Model\PluginProductItemModel

[ 2016-07-21T11:28:11+08:00 ] ::1 /thinkcmfx/index.php?g=Product&m=AdminIndex&a=addW
NOTIC: D方法实例化没找到模型类Product\Model\PluginProductItemModel

[ 2016-07-21T11:28:20+08:00 ] ::1 /thinkcmfx/index.php?g=Product&m=AdminIndex&a=addW_post
NOTIC: D方法实例化没找到模型类Product\Model\PluginProductItemModel

[ 2016-07-21T11:28:21+08:00 ] ::1 /thinkcmfx/index.php?g=Product&m=AdminIndex&a=productW
NOTIC: D方法实例化没找到模型类Product\Model\PluginProductItemModel

[ 2016-07-21T11:28:23+08:00 ] ::1 /thinkcmfx/index.php?g=Product&m=AdminIndex&a=edit&id=75&categoryId=4
NOTIC: D方法实例化没找到模型类Product\Model\PluginProductItemModel

[ 2016-07-21T11:29:08+08:00 ] ::1 /thinkcmfx/index.php?g=Product&m=AdminIndex&a=edit&id=75&categoryId=4
NOTIC: D方法实例化没找到模型类Product\Model\PluginProductItemModel

[ 2016-07-21T11:29:15+08:00 ] ::1 /thinkcmfx/index.php?g=Product&m=AdminIndex&a=edit_post
NOTIC: D方法实例化没找到模型类Product\Model\PluginProductItemModel

[ 2016-07-21T11:29:15+08:00 ] ::1 /thinkcmfx/index.php?g=Product&m=AdminIndex&a=productW
NOTIC: D方法实例化没找到模型类Product\Model\PluginProductItemModel

[ 2016-07-21T11:29:49+08:00 ] ::1 /thinkcmfx/index.php?g=Product&m=AdminIndex&a=productG&menuid=168
NOTIC: D方法实例化没找到模型类Product\Model\PluginProductItemModel

[ 2016-07-21T11:38:22+08:00 ] ::1 /thinkcmfx/index.php?g=Product&m=AdminIndex&a=productE&menuid=167
NOTIC: D方法实例化没找到模型类Product\Model\PluginProductItemModel

[ 2016-07-21T11:40:18+08:00 ] ::1 /thinkcmfx/index.php?g=Product&m=AdminIndex&a=productW&menuid=166
NOTIC: D方法实例化没找到模型类Product\Model\PluginProductItemModel

[ 2016-07-21T11:40:20+08:00 ] ::1 /thinkcmfx/index.php?g=Product&m=AdminIndex&a=productE&menuid=167
NOTIC: D方法实例化没找到模型类Product\Model\PluginProductItemModel

[ 2016-07-21T11:42:19+08:00 ] ::1 /thinkcmfx/index.php?g=Product&m=AdminIndex&a=productG&menuid=168
NOTIC: D方法实例化没找到模型类Product\Model\PluginProductItemModel

[ 2016-07-21T11:43:40+08:00 ] ::1 /thinkcmfx/index.php?g=Product&m=AdminIndex&a=productG&menuid=168
NOTIC: D方法实例化没找到模型类Product\Model\PluginProductItemModel

[ 2016-07-21T11:43:52+08:00 ] ::1 /thinkcmfx/index.php?g=Product&m=AdminIndex&a=add
NOTIC: D方法实例化没找到模型类Product\Model\PluginProductItemModel

[ 2016-07-21T11:43:53+08:00 ] ::1 /thinkcmfx/index.php?g=Product&m=AdminIndex&a=productE
NOTIC: D方法实例化没找到模型类Product\Model\PluginProductItemModel

[ 2016-07-21T11:43:55+08:00 ] ::1 /thinkcmfx/index.php?g=Product&m=AdminIndex&a=add
NOTIC: D方法实例化没找到模型类Product\Model\PluginProductItemModel

[ 2016-07-21T11:44:00+08:00 ] ::1 /thinkcmfx/index.php?g=Product&m=AdminIndex&a=productE
NOTIC: D方法实例化没找到模型类Product\Model\PluginProductItemModel

