[ 2016-07-20T22:00:14+08:00 ] ::1 /thinkcmfx/index.php?g=Product&m=AdminIndex&a=addW_post&p=2
NOTIC: D方法实例化没找到模型类Product\Model\PluginProductItemModel

[ 2016-07-20T22:00:20+08:00 ] ::1 /thinkcmfx/index.php?g=Product&m=AdminIndex&a=addW_post&p=2
NOTIC: D方法实例化没找到模型类Product\Model\PluginProductItemModel

[ 2016-07-20T22:02:32+08:00 ] ::1 /thinkcmfx/index.php?g=Product&m=AdminIndex&a=productE&menuid=167
NOTIC: D方法实例化没找到模型类Product\Model\PluginProductItemModel

[ 2016-07-20T22:02:33+08:00 ] ::1 /thinkcmfx/index.php?g=Product&m=AdminIndex&a=productW&menuid=166
NOTIC: D方法实例化没找到模型类Product\Model\PluginProductItemModel

[ 2016-07-20T22:02:35+08:00 ] ::1 /thinkcmfx/index.php?g=Product&m=AdminIndex&a=productW&menuid=166&p=2
NOTIC: D方法实例化没找到模型类Product\Model\PluginProductItemModel

[ 2016-07-20T22:02:43+08:00 ] ::1 /thinkcmfx/index.php?g=Product&m=AdminIndex&a=addW
NOTIC: D方法实例化没找到模型类Product\Model\PluginProductItemModel

[ 2016-07-20T22:02:50+08:00 ] ::1 /thinkcmfx/index.php?g=Product&m=AdminIndex&a=addW_post
NOTIC: D方法实例化没找到模型类Product\Model\PluginProductItemModel

[ 2016-07-20T22:02:54+08:00 ] ::1 /thinkcmfx/index.php?g=Product&m=AdminIndex&a=addW_post&p=2
NOTIC: D方法实例化没找到模型类Product\Model\PluginProductItemModel

[ 2016-07-20T22:07:25+08:00 ] ::1 /thinkcmfx/index.php?g=Product&m=AdminIndex&a=productE&menuid=167
NOTIC: D方法实例化没找到模型类Product\Model\PluginProductItemModel

[ 2016-07-20T22:07:26+08:00 ] ::1 /thinkcmfx/index.php?g=Product&m=AdminIndex&a=add
NOTIC: D方法实例化没找到模型类Product\Model\PluginProductItemModel

[ 2016-07-20T22:07:37+08:00 ] ::1 /thinkcmfx/index.php?g=Product&m=AdminIndex&a=add_post
NOTIC: D方法实例化没找到模型类Product\Model\PluginProductItemModel

[ 2016-07-20T22:07:41+08:00 ] ::1 /thinkcmfx/index.php?g=Product&m=AdminIndex&a=productW&menuid=166
NOTIC: D方法实例化没找到模型类Product\Model\PluginProductItemModel

[ 2016-07-20T22:07:42+08:00 ] ::1 /thinkcmfx/index.php?g=Product&m=AdminIndex&a=addW
NOTIC: D方法实例化没找到模型类Product\Model\PluginProductItemModel

[ 2016-07-20T22:07:50+08:00 ] ::1 /thinkcmfx/index.php?g=Product&m=AdminIndex&a=addW_post
NOTIC: D方法实例化没找到模型类Product\Model\PluginProductItemModel

[ 2016-07-20T22:07:53+08:00 ] ::1 /thinkcmfx/index.php?g=Product&m=AdminIndex&a=addW_post&p=2
NOTIC: D方法实例化没找到模型类Product\Model\PluginProductItemModel

[ 2016-07-20T22:14:43+08:00 ] ::1 /thinkcmfx/index.php?g=Product&m=AdminIndex&a=productW&menuid=166
NOTIC: D方法实例化没找到模型类Product\Model\PluginProductItemModel

[ 2016-07-20T22:14:46+08:00 ] ::1 /thinkcmfx/index.php?g=Product&m=AdminIndex&a=deleteW&id=13
NOTIC: D方法实例化没找到模型类Product\Model\PluginProductItemModel

[ 2016-07-20T22:14:46+08:00 ] ::1 /thinkcmfx/index.php?g=Product&m=AdminIndex&a=ProductW
NOTIC: D方法实例化没找到模型类Product\Model\PluginProductItemModel

[ 2016-07-20T22:14:48+08:00 ] ::1 /thinkcmfx/index.php?g=Product&m=AdminIndex&a=deleteW&id=13
NOTIC: D方法实例化没找到模型类Product\Model\PluginProductItemModel

[ 2016-07-20T22:14:48+08:00 ] ::1 /thinkcmfx/index.php?g=Product&m=AdminIndex&a=ProductW
NOTIC: D方法实例化没找到模型类Product\Model\PluginProductItemModel

[ 2016-07-20T22:15:16+08:00 ] ::1 /thinkcmfx/index.php?g=Product&m=AdminIndex&a=productE&menuid=167
NOTIC: D方法实例化没找到模型类Product\Model\PluginProductItemModel

[ 2016-07-20T22:15:20+08:00 ] ::1 /thinkcmfx/index.php?g=Product&m=AdminIndex&a=productW&menuid=166
NOTIC: D方法实例化没找到模型类Product\Model\PluginProductItemModel

[ 2016-07-20T22:15:22+08:00 ] ::1 /thinkcmfx/index.php?g=Product&m=AdminIndex&a=deleteW&id=81
NOTIC: D方法实例化没找到模型类Product\Model\PluginProductItemModel

[ 2016-07-20T22:15:23+08:00 ] ::1 /thinkcmfx/index.php?g=Product&m=AdminIndex&a=ProductW
NOTIC: D方法实例化没找到模型类Product\Model\PluginProductItemModel

[ 2016-07-20T22:15:25+08:00 ] ::1 /thinkcmfx/index.php?g=Product&m=AdminIndex&a=deleteW&id=82
NOTIC: D方法实例化没找到模型类Product\Model\PluginProductItemModel

[ 2016-07-20T22:15:25+08:00 ] ::1 /thinkcmfx/index.php?g=Product&m=AdminIndex&a=ProductW
NOTIC: D方法实例化没找到模型类Product\Model\PluginProductItemModel

